

================================================================
== Vivado HLS Report for 'backsub'
================================================================
* Date:           Thu Jan 11 16:44:57 2018

* Version:        2015.4 (Build 1412921 on Wed Nov 18 09:58:55 AM 2015)
* Project:        backsub_gmm_new_180110
* Solution:       solution1
* Product family: zynq
* Target device:  xc7z020clg484-1


================================================================
== Performance Estimates
================================================================
+ Timing (ns): 
    * Summary: 
    +--------+-------+----------+------------+
    |  Clock | Target| Estimated| Uncertainty|
    +--------+-------+----------+------------+
    |ap_clk  |  10.00|      8.75|        1.25|
    +--------+-------+----------+------------+

+ Latency (clock cycles): 
    * Summary: 
    +----------+----------+----------+----------+---------+
    |       Latency       |       Interval      | Pipeline|
    |    min   |    max   |    min   |    max   |   Type  |
    +----------+----------+----------+----------+---------+
    |  13902585|  72885026|  13902586|  72885027|   none  |
    +----------+----------+----------+----------+---------+

    + Detail: 
        * Instance: 
        +-----------------------------+-----------------+--------+--------+--------+--------+---------+
        |                             |                 |     Latency     |     Interval    | Pipeline|
        |           Instance          |      Module     |   min  |   max  |   min  |   max  |   Type  |
        +-----------------------------+-----------------+--------+--------+--------+--------+---------+
        |grp_backsub_process_fu_1423  |backsub_process  |  168007|  903367|  168007|  903367|   none  |
        +-----------------------------+-----------------+--------+--------+--------+--------+---------+

        * Loop: 
        +--------------------------------------+----------+----------+-------------------+-----------+-----------+--------+----------+
        |                                      |       Latency       |     Iteration     |  Initiation Interval  |  Trip  |          |
        |               Loop Name              |    min   |    max   |      Latency      |  achieved |   target  |  Count | Pipelined|
        +--------------------------------------+----------+----------+-------------------+-----------+-----------+--------+----------+
        |- Loop 1                              |    153600|    153600|                  1|          -|          -|  153600|    no    |
        |- Loop 2                              |  13902580|  72731380| 1390258 ~ 7273138 |          -|          -|      10|    no    |
        | + memcpy..bgmodel.var                |     15376|     15376|                 18|          1|          1|   15360|    yes   |
        | + memcpy..frame_i                    |      7695|      7695|                 17|          1|          1|    7680|    yes   |
        | + Loop 2.3                           |   1344080|   7226960|  168010 ~ 903370  |          -|          -|       8|    no    |
        | + memcpy.frame_o.frame_out_glob.gep  |      7697|      7697|                 19|          1|          1|    7680|    yes   |
        | + memcpy.bgmodel.var.                |     15378|     15378|                 20|          1|          1|   15360|    yes   |
        +--------------------------------------+----------+----------+-------------------+-----------+-----------+--------+----------+



================================================================
== Utilization Estimates
================================================================
* Summary: 
+-----------------+---------+-------+--------+-------+
|       Name      | BRAM_18K| DSP48E|   FF   |  LUT  |
+-----------------+---------+-------+--------+-------+
|DSP              |        -|      -|       -|      -|
|Expression       |        -|      -|       0|    511|
|FIFO             |        -|      -|       -|      -|
|Instance         |        0|    119|   23038|  31798|
|Memory           |      144|      -|       0|      0|
|Multiplexer      |        -|      -|       -|   2679|
|Register         |        -|      -|    1521|     20|
+-----------------+---------+-------+--------+-------+
|Total            |      144|    119|   24559|  35008|
+-----------------+---------+-------+--------+-------+
|Available        |      280|    220|  106400|  53200|
+-----------------+---------+-------+--------+-------+
|Utilization (%)  |       51|     54|      23|     65|
+-----------------+---------+-------+--------+-------+

+ Detail: 
    * Instance: 
    +-----------------------------------+-------------------------------+---------+-------+-------+-------+
    |              Instance             |             Module            | BRAM_18K| DSP48E|   FF  |  LUT  |
    +-----------------------------------+-------------------------------+---------+-------+-------+-------+
    |backsub_AXILiteS_s_axi_U           |backsub_AXILiteS_s_axi         |        0|      0|    106|    168|
    |backsub_CRTL_BUS_s_axi_U           |backsub_CRTL_BUS_s_axi         |        0|      0|     68|    104|
    |backsub_bgmodel_mean_m_axi_U       |backsub_bgmodel_mean_m_axi     |        0|      0|    548|    700|
    |backsub_bgmodel_sortKey_m_axi_U    |backsub_bgmodel_sortKey_m_axi  |        0|      0|    548|    700|
    |backsub_bgmodel_var_m_axi_U        |backsub_bgmodel_var_m_axi      |        0|      0|    548|    700|
    |backsub_bgmodel_weight_m_axi_U     |backsub_bgmodel_weight_m_axi   |        0|      0|    548|    700|
    |backsub_ddiv_64ns_64ns_64_31_U142  |backsub_ddiv_64ns_64ns_64_31   |        0|      0|   3211|   3658|
    |backsub_fcmp_32ns_32ns_1_1_U141    |backsub_fcmp_32ns_32ns_1_1     |        0|      0|     66|    239|
    |backsub_fpext_32ns_64_1_U140       |backsub_fpext_32ns_64_1        |        0|      0|    100|    138|
    |backsub_fptrunc_64ns_32_1_U139     |backsub_fptrunc_64ns_32_1      |        0|      0|    128|    277|
    |backsub_gmem_m_axi_U               |backsub_gmem_m_axi             |        0|      0|    548|    700|
    |backsub_mux_8to1_sel32_32_1_U149   |backsub_mux_8to1_sel32_32_1    |        0|      0|      0|     64|
    |backsub_mux_8to1_sel32_32_1_U150   |backsub_mux_8to1_sel32_32_1    |        0|      0|      0|     64|
    |backsub_mux_8to1_sel32_32_1_U151   |backsub_mux_8to1_sel32_32_1    |        0|      0|      0|     64|
    |backsub_mux_8to1_sel32_32_1_U152   |backsub_mux_8to1_sel32_32_1    |        0|      0|      0|     64|
    |backsub_mux_8to1_sel32_8_1_U147    |backsub_mux_8to1_sel32_8_1     |        0|      0|      0|     64|
    |grp_backsub_process_fu_1423        |backsub_process                |        0|    119|  14423|  20965|
    |backsub_sitodp_32ns_64_6_U143      |backsub_sitodp_32ns_64_6       |        0|      0|    412|    645|
    |backsub_urem_13ns_11ns_13_17_U145  |backsub_urem_13ns_11ns_13_17   |        0|      0|    416|    416|
    |backsub_urem_13ns_11ns_13_17_U146  |backsub_urem_13ns_11ns_13_17   |        0|      0|    416|    416|
    |backsub_urem_14ns_12ns_14_18_U144  |backsub_urem_14ns_12ns_14_18   |        0|      0|    476|    476|
    |backsub_urem_14ns_12ns_14_18_U148  |backsub_urem_14ns_12ns_14_18   |        0|      0|    476|    476|
    +-----------------------------------+-------------------------------+---------+-------+-------+-------+
    |Total                              |                               |        0|    119|  23038|  31798|
    +-----------------------------------+-------------------------------+---------+-------+-------+-------+

    * DSP48: 
    N/A

    * Memory: 
    +--------------------+-------------------------+---------+---+----+------+-----+------+-------------+
    |       Memory       |          Module         | BRAM_18K| FF| LUT| Words| Bits| Banks| W*Bits*Banks|
    +--------------------+-------------------------+---------+---+----+------+-----+------+-------------+
    |bgmo_sortKey_0_U    |backsub_bgmo_sortKey_0   |        4|  0|   0|  1920|   32|     1|        61440|
    |bgmo_sortKey_1_U    |backsub_bgmo_sortKey_0   |        4|  0|   0|  1920|   32|     1|        61440|
    |bgmo_sortKey_2_U    |backsub_bgmo_sortKey_0   |        4|  0|   0|  1920|   32|     1|        61440|
    |bgmo_sortKey_3_U    |backsub_bgmo_sortKey_0   |        4|  0|   0|  1920|   32|     1|        61440|
    |bgmo_sortKey_4_U    |backsub_bgmo_sortKey_0   |        4|  0|   0|  1920|   32|     1|        61440|
    |bgmo_sortKey_5_U    |backsub_bgmo_sortKey_0   |        4|  0|   0|  1920|   32|     1|        61440|
    |bgmo_sortKey_6_U    |backsub_bgmo_sortKey_0   |        4|  0|   0|  1920|   32|     1|        61440|
    |bgmo_sortKey_7_U    |backsub_bgmo_sortKey_0   |        4|  0|   0|  1920|   32|     1|        61440|
    |bgmo_weight_0_U     |backsub_bgmo_sortKey_0   |        4|  0|   0|  1920|   32|     1|        61440|
    |bgmo_weight_1_U     |backsub_bgmo_sortKey_0   |        4|  0|   0|  1920|   32|     1|        61440|
    |bgmo_weight_2_U     |backsub_bgmo_sortKey_0   |        4|  0|   0|  1920|   32|     1|        61440|
    |bgmo_weight_3_U     |backsub_bgmo_sortKey_0   |        4|  0|   0|  1920|   32|     1|        61440|
    |bgmo_weight_4_U     |backsub_bgmo_sortKey_0   |        4|  0|   0|  1920|   32|     1|        61440|
    |bgmo_weight_5_U     |backsub_bgmo_sortKey_0   |        4|  0|   0|  1920|   32|     1|        61440|
    |bgmo_weight_6_U     |backsub_bgmo_sortKey_0   |        4|  0|   0|  1920|   32|     1|        61440|
    |bgmo_weight_7_U     |backsub_bgmo_sortKey_0   |        4|  0|   0|  1920|   32|     1|        61440|
    |bgmo_mean_0_U       |backsub_bgmo_sortKey_0   |        4|  0|   0|  1920|   32|     1|        61440|
    |bgmo_mean_1_U       |backsub_bgmo_sortKey_0   |        4|  0|   0|  1920|   32|     1|        61440|
    |bgmo_mean_2_U       |backsub_bgmo_sortKey_0   |        4|  0|   0|  1920|   32|     1|        61440|
    |bgmo_mean_3_U       |backsub_bgmo_sortKey_0   |        4|  0|   0|  1920|   32|     1|        61440|
    |bgmo_mean_4_U       |backsub_bgmo_sortKey_0   |        4|  0|   0|  1920|   32|     1|        61440|
    |bgmo_mean_5_U       |backsub_bgmo_sortKey_0   |        4|  0|   0|  1920|   32|     1|        61440|
    |bgmo_mean_6_U       |backsub_bgmo_sortKey_0   |        4|  0|   0|  1920|   32|     1|        61440|
    |bgmo_mean_7_U       |backsub_bgmo_sortKey_0   |        4|  0|   0|  1920|   32|     1|        61440|
    |bgmo_var_0_U        |backsub_bgmo_sortKey_0   |        4|  0|   0|  1920|   32|     1|        61440|
    |bgmo_var_1_U        |backsub_bgmo_sortKey_0   |        4|  0|   0|  1920|   32|     1|        61440|
    |bgmo_var_2_U        |backsub_bgmo_sortKey_0   |        4|  0|   0|  1920|   32|     1|        61440|
    |bgmo_var_3_U        |backsub_bgmo_sortKey_0   |        4|  0|   0|  1920|   32|     1|        61440|
    |bgmo_var_4_U        |backsub_bgmo_sortKey_0   |        4|  0|   0|  1920|   32|     1|        61440|
    |bgmo_var_5_U        |backsub_bgmo_sortKey_0   |        4|  0|   0|  1920|   32|     1|        61440|
    |bgmo_var_6_U        |backsub_bgmo_sortKey_0   |        4|  0|   0|  1920|   32|     1|        61440|
    |bgmo_var_7_U        |backsub_bgmo_sortKey_0   |        4|  0|   0|  1920|   32|     1|        61440|
    |frame_in_glob_0_U   |backsub_frame_in_glob_0  |        1|  0|   0|   960|    8|     1|         7680|
    |frame_in_glob_1_U   |backsub_frame_in_glob_0  |        1|  0|   0|   960|    8|     1|         7680|
    |frame_in_glob_2_U   |backsub_frame_in_glob_0  |        1|  0|   0|   960|    8|     1|         7680|
    |frame_in_glob_3_U   |backsub_frame_in_glob_0  |        1|  0|   0|   960|    8|     1|         7680|
    |frame_in_glob_4_U   |backsub_frame_in_glob_0  |        1|  0|   0|   960|    8|     1|         7680|
    |frame_in_glob_5_U   |backsub_frame_in_glob_0  |        1|  0|   0|   960|    8|     1|         7680|
    |frame_in_glob_6_U   |backsub_frame_in_glob_0  |        1|  0|   0|   960|    8|     1|         7680|
    |frame_in_glob_7_U   |backsub_frame_in_glob_0  |        1|  0|   0|   960|    8|     1|         7680|
    |frame_out_glob_0_U  |backsub_frame_in_glob_0  |        1|  0|   0|   960|    8|     1|         7680|
    |frame_out_glob_1_U  |backsub_frame_in_glob_0  |        1|  0|   0|   960|    8|     1|         7680|
    |frame_out_glob_2_U  |backsub_frame_in_glob_0  |        1|  0|   0|   960|    8|     1|         7680|
    |frame_out_glob_3_U  |backsub_frame_in_glob_0  |        1|  0|   0|   960|    8|     1|         7680|
    |frame_out_glob_4_U  |backsub_frame_in_glob_0  |        1|  0|   0|   960|    8|     1|         7680|
    |frame_out_glob_5_U  |backsub_frame_in_glob_0  |        1|  0|   0|   960|    8|     1|         7680|
    |frame_out_glob_6_U  |backsub_frame_in_glob_0  |        1|  0|   0|   960|    8|     1|         7680|
    |frame_out_glob_7_U  |backsub_frame_in_glob_0  |        1|  0|   0|   960|    8|     1|         7680|
    +--------------------+-------------------------+---------+---+----+------+-----+------+-------------+
    |Total               |                         |      144|  0|   0| 76800| 1152|    48|      2088960|
    +--------------------+-------------------------+---------+---+----+------+-----+------+-------------+

    * FIFO: 
    N/A

    * Expression: 
    +-------------------------+----------+-------+---+----+------------+------------+
    |      Variable Name      | Operation| DSP48E| FF| LUT| Bitwidth P0| Bitwidth P1|
    +-------------------------+----------+-------+---+----+------------+------------+
    |indvar_next1_fu_2029_p2  |     +    |      0|  0|  13|          13|           1|
    |indvar_next2_fu_1750_p2  |     +    |      0|  0|  14|          14|           1|
    |indvar_next3_fu_2100_p2  |     +    |      0|  0|  14|          14|           1|
    |indvar_next_fu_1873_p2   |     +    |      0|  0|  13|          13|           1|
    |next_mul1_fu_1879_p2     |     +    |      0|  0|  27|          27|          14|
    |next_mul2_fu_2035_p2     |     +    |      0|  0|  27|          27|          14|
    |next_mul3_fu_2106_p2     |     +    |      0|  0|  29|          29|          15|
    |next_mul_fu_1756_p2      |     +    |      0|  0|  29|          29|          15|
    |p_1_fu_1620_p2           |     +    |      0|  0|  18|          18|           1|
    |r_1_fu_1919_p2           |     +    |      0|  0|   4|           4|           1|
    |tmp_134_fu_1852_p2       |     +    |      0|  0|  34|          34|          34|
    |tmp_138_fu_1989_p2       |     +    |      0|  0|  34|          34|          34|
    |tmp_46_fu_1631_p2        |     +    |      0|  0|  32|          32|           1|
    |x_4_fu_1673_p2           |     +    |      0|  0|   4|           4|           1|
    |tmp_54_fu_1703_p2        |     -    |      0|  0|  19|          19|          19|
    |tmp_55_fu_1838_p2        |     -    |      0|  0|  18|          18|          18|
    |tmp_59_fu_1953_p2        |     -    |      0|  0|  14|          14|          14|
    |tmp_61_fu_1983_p2        |     -    |      0|  0|  15|          15|          15|
    |tmp_51_fu_1660_p3        |  Select  |      0|  0|  64|           1|          63|
    |ap_sig_bdd_1336          |    and   |      0|  0|   1|           1|           1|
    |ap_sig_bdd_2447          |    and   |      0|  0|   1|           1|           1|
    |ap_sig_bdd_2457          |    and   |      0|  0|   1|           1|           1|
    |ap_sig_bdd_2471          |    and   |      0|  0|   1|           1|           1|
    |ap_sig_bdd_2477          |    and   |      0|  0|   1|           1|           1|
    |ap_sig_bdd_2592          |    and   |      0|  0|   1|           1|           1|
    |or_cond_fu_1649_p2       |    and   |      0|  0|   1|           1|           1|
    |tmp_101_fu_1626_p2       |    and   |      0|  0|   1|           1|           1|
    |tmp_99_fu_1603_p2        |    and   |      0|  0|   1|           1|           1|
    |exitcond1_fu_1667_p2     |   icmp   |      0|  0|   2|           4|           4|
    |exitcond2_fu_1614_p2     |   icmp   |      0|  0|   7|          18|          18|
    |exitcond4_fu_2023_p2     |   icmp   |      0|  0|   5|          13|          11|
    |exitcond5_fu_1744_p2     |   icmp   |      0|  0|   5|          14|          12|
    |exitcond6_fu_1867_p2     |   icmp   |      0|  0|   5|          13|          11|
    |exitcond7_fu_2094_p2     |   icmp   |      0|  0|   5|          14|          12|
    |exitcond_fu_1913_p2      |   icmp   |      0|  0|   2|           4|           5|
    |notlhs_fu_1585_p2        |   icmp   |      0|  0|   3|           8|           2|
    |notrhs_fu_1591_p2        |   icmp   |      0|  0|   8|          23|           1|
    |tmp_47_fu_1643_p2        |   icmp   |      0|  0|  11|          32|           1|
    |tmp_49_fu_1654_p2        |   icmp   |      0|  0|  11|          32|           8|
    |tmp_s_fu_1562_p2         |   icmp   |      0|  0|  11|          32|           1|
    |ap_sig_bdd_1266          |    or    |      0|  0|   1|           1|           1|
    |ap_sig_bdd_1612          |    or    |      0|  0|   1|           1|           1|
    |ap_sig_bdd_2341          |    or    |      0|  0|   1|           1|           1|
    |or_cond4_fu_1608_p2      |    or    |      0|  0|   1|           1|           1|
    |tmp_97_fu_1597_p2        |    or    |      0|  0|   1|           1|           1|
    +-------------------------+----------+-------+---+----+------------+------------+
    |Total                    |          |      0|  0| 511|         580|         363|
    +-------------------------+----------+-------+---+----+------------+------------+

    * Multiplexer: 
    +----------------------------------------+-----+-----------+-----+-----------+
    |                  Name                  | LUT | Input Size| Bits| Total Bits|
    +----------------------------------------+-----+-----------+-----+-----------+
    |ap_NS_fsm                               |  182|         81|    1|         81|
    |ap_reg_ppiten_pp0_it17                  |    1|          2|    1|          2|
    |ap_reg_ppiten_pp1_it16                  |    1|          2|    1|          2|
    |ap_reg_ppiten_pp2_it18                  |    1|          2|    1|          2|
    |ap_reg_ppiten_pp3_it19                  |    1|          2|    1|          2|
    |ap_sig_ioackin_bgmodel_mean_ARREADY     |    1|          2|    1|          2|
    |ap_sig_ioackin_bgmodel_mean_AWREADY     |    1|          2|    1|          2|
    |ap_sig_ioackin_bgmodel_mean_WREADY      |    1|          2|    1|          2|
    |ap_sig_ioackin_bgmodel_sortKey_ARREADY  |    1|          2|    1|          2|
    |ap_sig_ioackin_bgmodel_sortKey_AWREADY  |    1|          2|    1|          2|
    |ap_sig_ioackin_bgmodel_sortKey_WREADY   |    1|          2|    1|          2|
    |ap_sig_ioackin_bgmodel_var_ARREADY      |    1|          2|    1|          2|
    |ap_sig_ioackin_bgmodel_var_AWREADY      |    1|          2|    1|          2|
    |ap_sig_ioackin_bgmodel_var_WREADY       |    1|          2|    1|          2|
    |ap_sig_ioackin_bgmodel_weight_ARREADY   |    1|          2|    1|          2|
    |ap_sig_ioackin_bgmodel_weight_AWREADY   |    1|          2|    1|          2|
    |ap_sig_ioackin_bgmodel_weight_WREADY    |    1|          2|    1|          2|
    |ap_sig_ioackin_gmem_ARREADY             |    1|          2|    1|          2|
    |ap_sig_ioackin_gmem_AWREADY             |    1|          2|    1|          2|
    |ap_sig_ioackin_gmem_WREADY              |    1|          2|    1|          2|
    |bgmo_mean_0_address0                    |   11|          4|   11|         44|
    |bgmo_mean_0_ce0                         |    1|          3|    1|          3|
    |bgmo_mean_0_d0                          |   32|          3|   32|         96|
    |bgmo_mean_0_we0                         |    1|          3|    1|          3|
    |bgmo_mean_1_address0                    |   11|          4|   11|         44|
    |bgmo_mean_1_ce0                         |    1|          3|    1|          3|
    |bgmo_mean_1_d0                          |   32|          3|   32|         96|
    |bgmo_mean_1_we0                         |    1|          3|    1|          3|
    |bgmo_mean_2_address0                    |   11|          4|   11|         44|
    |bgmo_mean_2_ce0                         |    1|          3|    1|          3|
    |bgmo_mean_2_d0                          |   32|          3|   32|         96|
    |bgmo_mean_2_we0                         |    1|          3|    1|          3|
    |bgmo_mean_3_address0                    |   11|          4|   11|         44|
    |bgmo_mean_3_ce0                         |    1|          3|    1|          3|
    |bgmo_mean_3_d0                          |   32|          3|   32|         96|
    |bgmo_mean_3_we0                         |    1|          3|    1|          3|
    |bgmo_mean_4_address0                    |   11|          4|   11|         44|
    |bgmo_mean_4_ce0                         |    1|          3|    1|          3|
    |bgmo_mean_4_d0                          |   32|          3|   32|         96|
    |bgmo_mean_4_we0                         |    1|          3|    1|          3|
    |bgmo_mean_5_address0                    |   11|          4|   11|         44|
    |bgmo_mean_5_ce0                         |    1|          3|    1|          3|
    |bgmo_mean_5_d0                          |   32|          3|   32|         96|
    |bgmo_mean_5_we0                         |    1|          3|    1|          3|
    |bgmo_mean_6_address0                    |   11|          4|   11|         44|
    |bgmo_mean_6_ce0                         |    1|          3|    1|          3|
    |bgmo_mean_6_d0                          |   32|          3|   32|         96|
    |bgmo_mean_6_we0                         |    1|          3|    1|          3|
    |bgmo_mean_7_address0                    |   11|          4|   11|         44|
    |bgmo_mean_7_ce0                         |    1|          3|    1|          3|
    |bgmo_mean_7_d0                          |   32|          3|   32|         96|
    |bgmo_mean_7_we0                         |    1|          3|    1|          3|
    |bgmo_sortKey_0_address0                 |   11|          4|   11|         44|
    |bgmo_sortKey_0_ce0                      |    1|          3|    1|          3|
    |bgmo_sortKey_0_d0                       |   32|          3|   32|         96|
    |bgmo_sortKey_0_we0                      |    1|          3|    1|          3|
    |bgmo_sortKey_1_address0                 |   11|          4|   11|         44|
    |bgmo_sortKey_1_ce0                      |    1|          3|    1|          3|
    |bgmo_sortKey_1_d0                       |   32|          3|   32|         96|
    |bgmo_sortKey_1_we0                      |    1|          3|    1|          3|
    |bgmo_sortKey_2_address0                 |   11|          4|   11|         44|
    |bgmo_sortKey_2_ce0                      |    1|          3|    1|          3|
    |bgmo_sortKey_2_d0                       |   32|          3|   32|         96|
    |bgmo_sortKey_2_we0                      |    1|          3|    1|          3|
    |bgmo_sortKey_3_address0                 |   11|          4|   11|         44|
    |bgmo_sortKey_3_ce0                      |    1|          3|    1|          3|
    |bgmo_sortKey_3_d0                       |   32|          3|   32|         96|
    |bgmo_sortKey_3_we0                      |    1|          3|    1|          3|
    |bgmo_sortKey_4_address0                 |   11|          4|   11|         44|
    |bgmo_sortKey_4_ce0                      |    1|          3|    1|          3|
    |bgmo_sortKey_4_d0                       |   32|          3|   32|         96|
    |bgmo_sortKey_4_we0                      |    1|          3|    1|          3|
    |bgmo_sortKey_5_address0                 |   11|          4|   11|         44|
    |bgmo_sortKey_5_ce0                      |    1|          3|    1|          3|
    |bgmo_sortKey_5_d0                       |   32|          3|   32|         96|
    |bgmo_sortKey_5_we0                      |    1|          3|    1|          3|
    |bgmo_sortKey_6_address0                 |   11|          4|   11|         44|
    |bgmo_sortKey_6_ce0                      |    1|          3|    1|          3|
    |bgmo_sortKey_6_d0                       |   32|          3|   32|         96|
    |bgmo_sortKey_6_we0                      |    1|          3|    1|          3|
    |bgmo_sortKey_7_address0                 |   11|          4|   11|         44|
    |bgmo_sortKey_7_ce0                      |    1|          3|    1|          3|
    |bgmo_sortKey_7_d0                       |   32|          3|   32|         96|
    |bgmo_sortKey_7_we0                      |    1|          3|    1|          3|
    |bgmo_var_0_address0                     |   11|          4|   11|         44|
    |bgmo_var_0_ce0                          |    1|          3|    1|          3|
    |bgmo_var_0_d0                           |   32|          3|   32|         96|
    |bgmo_var_0_we0                          |    1|          3|    1|          3|
    |bgmo_var_1_address0                     |   11|          4|   11|         44|
    |bgmo_var_1_ce0                          |    1|          3|    1|          3|
    |bgmo_var_1_d0                           |   32|          3|   32|         96|
    |bgmo_var_1_we0                          |    1|          3|    1|          3|
    |bgmo_var_2_address0                     |   11|          4|   11|         44|
    |bgmo_var_2_ce0                          |    1|          3|    1|          3|
    |bgmo_var_2_d0                           |   32|          3|   32|         96|
    |bgmo_var_2_we0                          |    1|          3|    1|          3|
    |bgmo_var_3_address0                     |   11|          4|   11|         44|
    |bgmo_var_3_ce0                          |    1|          3|    1|          3|
    |bgmo_var_3_d0                           |   32|          3|   32|         96|
    |bgmo_var_3_we0                          |    1|          3|    1|          3|
    |bgmo_var_4_address0                     |   11|          4|   11|         44|
    |bgmo_var_4_ce0                          |    1|          3|    1|          3|
    |bgmo_var_4_d0                           |   32|          3|   32|         96|
    |bgmo_var_4_we0                          |    1|          3|    1|          3|
    |bgmo_var_5_address0                     |   11|          4|   11|         44|
    |bgmo_var_5_ce0                          |    1|          3|    1|          3|
    |bgmo_var_5_d0                           |   32|          3|   32|         96|
    |bgmo_var_5_we0                          |    1|          3|    1|          3|
    |bgmo_var_6_address0                     |   11|          4|   11|         44|
    |bgmo_var_6_ce0                          |    1|          3|    1|          3|
    |bgmo_var_6_d0                           |   32|          3|   32|         96|
    |bgmo_var_6_we0                          |    1|          3|    1|          3|
    |bgmo_var_7_address0                     |   11|          4|   11|         44|
    |bgmo_var_7_ce0                          |    1|          3|    1|          3|
    |bgmo_var_7_d0                           |   32|          3|   32|         96|
    |bgmo_var_7_we0                          |    1|          3|    1|          3|
    |bgmo_weight_0_address0                  |   11|          4|   11|         44|
    |bgmo_weight_0_ce0                       |    1|          3|    1|          3|
    |bgmo_weight_0_d0                        |   32|          3|   32|         96|
    |bgmo_weight_0_we0                       |    1|          3|    1|          3|
    |bgmo_weight_1_address0                  |   11|          4|   11|         44|
    |bgmo_weight_1_ce0                       |    1|          3|    1|          3|
    |bgmo_weight_1_d0                        |   32|          3|   32|         96|
    |bgmo_weight_1_we0                       |    1|          3|    1|          3|
    |bgmo_weight_2_address0                  |   11|          4|   11|         44|
    |bgmo_weight_2_ce0                       |    1|          3|    1|          3|
    |bgmo_weight_2_d0                        |   32|          3|   32|         96|
    |bgmo_weight_2_we0                       |    1|          3|    1|          3|
    |bgmo_weight_3_address0                  |   11|          4|   11|         44|
    |bgmo_weight_3_ce0                       |    1|          3|    1|          3|
    |bgmo_weight_3_d0                        |   32|          3|   32|         96|
    |bgmo_weight_3_we0                       |    1|          3|    1|          3|
    |bgmo_weight_4_address0                  |   11|          4|   11|         44|
    |bgmo_weight_4_ce0                       |    1|          3|    1|          3|
    |bgmo_weight_4_d0                        |   32|          3|   32|         96|
    |bgmo_weight_4_we0                       |    1|          3|    1|          3|
    |bgmo_weight_5_address0                  |   11|          4|   11|         44|
    |bgmo_weight_5_ce0                       |    1|          3|    1|          3|
    |bgmo_weight_5_d0                        |   32|          3|   32|         96|
    |bgmo_weight_5_we0                       |    1|          3|    1|          3|
    |bgmo_weight_6_address0                  |   11|          4|   11|         44|
    |bgmo_weight_6_ce0                       |    1|          3|    1|          3|
    |bgmo_weight_6_d0                        |   32|          3|   32|         96|
    |bgmo_weight_6_we0                       |    1|          3|    1|          3|
    |bgmo_weight_7_address0                  |   11|          4|   11|         44|
    |bgmo_weight_7_ce0                       |    1|          3|    1|          3|
    |bgmo_weight_7_d0                        |   32|          3|   32|         96|
    |bgmo_weight_7_we0                       |    1|          3|    1|          3|
    |bgmodel_mean_AWADDR                     |   32|          3|   32|         96|
    |bgmodel_mean_AWLEN                      |   32|          3|   32|         96|
    |bgmodel_mean_WDATA                      |   32|          3|   32|         96|
    |bgmodel_sortKey_AWADDR                  |   32|          3|   32|         96|
    |bgmodel_sortKey_AWLEN                   |   32|          3|   32|         96|
    |bgmodel_sortKey_WDATA                   |   32|          3|   32|         96|
    |bgmodel_var_AWADDR                      |   32|          3|   32|         96|
    |bgmodel_var_AWLEN                       |   32|          3|   32|         96|
    |bgmodel_var_WDATA                       |   32|          3|   32|         96|
    |bgmodel_weight_AWADDR                   |   32|          3|   32|         96|
    |bgmodel_weight_AWLEN                    |   32|          3|   32|         96|
    |bgmodel_weight_WDATA                    |   32|          3|   32|         96|
    |frame_in_glob_0_address0                |   10|          3|   10|         30|
    |frame_in_glob_0_ce0                     |    1|          3|    1|          3|
    |frame_in_glob_1_address0                |   10|          3|   10|         30|
    |frame_in_glob_1_ce0                     |    1|          3|    1|          3|
    |frame_in_glob_2_address0                |   10|          3|   10|         30|
    |frame_in_glob_2_ce0                     |    1|          3|    1|          3|
    |frame_in_glob_3_address0                |   10|          3|   10|         30|
    |frame_in_glob_3_ce0                     |    1|          3|    1|          3|
    |frame_in_glob_4_address0                |   10|          3|   10|         30|
    |frame_in_glob_4_ce0                     |    1|          3|    1|          3|
    |frame_in_glob_5_address0                |   10|          3|   10|         30|
    |frame_in_glob_5_ce0                     |    1|          3|    1|          3|
    |frame_in_glob_6_address0                |   10|          3|   10|         30|
    |frame_in_glob_6_ce0                     |    1|          3|    1|          3|
    |frame_in_glob_7_address0                |   10|          3|   10|         30|
    |frame_in_glob_7_ce0                     |    1|          3|    1|          3|
    |frame_out_glob_0_address0               |   10|          3|   10|         30|
    |frame_out_glob_0_ce0                    |    1|          3|    1|          3|
    |frame_out_glob_0_we0                    |    1|          2|    1|          2|
    |frame_out_glob_1_address0               |   10|          3|   10|         30|
    |frame_out_glob_1_ce0                    |    1|          3|    1|          3|
    |frame_out_glob_1_we0                    |    1|          2|    1|          2|
    |frame_out_glob_2_address0               |   10|          3|   10|         30|
    |frame_out_glob_2_ce0                    |    1|          3|    1|          3|
    |frame_out_glob_2_we0                    |    1|          2|    1|          2|
    |frame_out_glob_3_address0               |   10|          3|   10|         30|
    |frame_out_glob_3_ce0                    |    1|          3|    1|          3|
    |frame_out_glob_3_we0                    |    1|          2|    1|          2|
    |frame_out_glob_4_address0               |   10|          3|   10|         30|
    |frame_out_glob_4_ce0                    |    1|          3|    1|          3|
    |frame_out_glob_4_we0                    |    1|          2|    1|          2|
    |frame_out_glob_5_address0               |   10|          3|   10|         30|
    |frame_out_glob_5_ce0                    |    1|          3|    1|          3|
    |frame_out_glob_5_we0                    |    1|          2|    1|          2|
    |frame_out_glob_6_address0               |   10|          3|   10|         30|
    |frame_out_glob_6_ce0                    |    1|          3|    1|          3|
    |frame_out_glob_6_we0                    |    1|          2|    1|          2|
    |frame_out_glob_7_address0               |   10|          3|   10|         30|
    |frame_out_glob_7_ce0                    |    1|          3|    1|          3|
    |frame_out_glob_7_we0                    |    1|          2|    1|          2|
    |grp_fu_1537_p0                          |   32|          3|   32|         96|
    |grp_fu_1537_p1                          |   32|          3|   32|         96|
    |indvar1_phi_fu_1381_p4                  |   13|          2|   13|         26|
    |indvar1_reg_1377                        |   13|          2|   13|         26|
    |indvar2_phi_fu_1324_p4                  |   14|          2|   14|         28|
    |indvar2_reg_1320                        |   14|          2|   14|         28|
    |indvar3_phi_fu_1404_p4                  |   14|          2|   14|         28|
    |indvar3_reg_1400                        |   14|          2|   14|         28|
    |indvar_phi_fu_1347_p4                   |   13|          2|   13|         26|
    |indvar_reg_1343                         |   13|          2|   13|         26|
    |nframes_load_1_reg_1288                 |   32|          2|   32|         64|
    |p_reg_1277                              |   18|          2|   18|         36|
    |phi_mul1_reg_1355                       |   27|          2|   27|         54|
    |phi_mul2_reg_1389                       |   27|          2|   27|         54|
    |phi_mul3_reg_1412                       |   29|          2|   29|         58|
    |phi_mul_reg_1332                        |   29|          2|   29|         58|
    |r_reg_1366                              |    4|          2|    4|          8|
    |tmp_53_phi_fu_1302_p4                   |   64|          2|   64|        128|
    |tmp_53_reg_1299                         |   64|          2|   64|        128|
    |x_reg_1308                              |    4|          2|    4|          8|
    +----------------------------------------+-----+-----------+-----+-----------+
    |Total                                   | 2679|        725| 2498|       7491|
    +----------------------------------------+-----+-----------+-----+-----------+

    * Register: 
    +---------------------------------------------------+----+----+-----+-----------+
    |                        Name                       | FF | LUT| Bits| Const Bits|
    +---------------------------------------------------+----+----+-----+-----------+
    |ap_CS_fsm                                          |  80|   0|   80|          0|
    |ap_reg_ioackin_bgmodel_mean_ARREADY                |   1|   0|    1|          0|
    |ap_reg_ioackin_bgmodel_mean_AWREADY                |   1|   0|    1|          0|
    |ap_reg_ioackin_bgmodel_mean_WREADY                 |   1|   0|    1|          0|
    |ap_reg_ioackin_bgmodel_sortKey_ARREADY             |   1|   0|    1|          0|
    |ap_reg_ioackin_bgmodel_sortKey_AWREADY             |   1|   0|    1|          0|
    |ap_reg_ioackin_bgmodel_sortKey_WREADY              |   1|   0|    1|          0|
    |ap_reg_ioackin_bgmodel_var_ARREADY                 |   1|   0|    1|          0|
    |ap_reg_ioackin_bgmodel_var_AWREADY                 |   1|   0|    1|          0|
    |ap_reg_ioackin_bgmodel_var_WREADY                  |   1|   0|    1|          0|
    |ap_reg_ioackin_bgmodel_weight_ARREADY              |   1|   0|    1|          0|
    |ap_reg_ioackin_bgmodel_weight_AWREADY              |   1|   0|    1|          0|
    |ap_reg_ioackin_bgmodel_weight_WREADY               |   1|   0|    1|          0|
    |ap_reg_ioackin_gmem_ARREADY                        |   1|   0|    1|          0|
    |ap_reg_ioackin_gmem_AWREADY                        |   1|   0|    1|          0|
    |ap_reg_ioackin_gmem_WREADY                         |   1|   0|    1|          0|
    |ap_reg_ppiten_pp0_it0                              |   1|   0|    1|          0|
    |ap_reg_ppiten_pp0_it1                              |   1|   0|    1|          0|
    |ap_reg_ppiten_pp0_it10                             |   1|   0|    1|          0|
    |ap_reg_ppiten_pp0_it11                             |   1|   0|    1|          0|
    |ap_reg_ppiten_pp0_it12                             |   1|   0|    1|          0|
    |ap_reg_ppiten_pp0_it13                             |   1|   0|    1|          0|
    |ap_reg_ppiten_pp0_it14                             |   1|   0|    1|          0|
    |ap_reg_ppiten_pp0_it15                             |   1|   0|    1|          0|
    |ap_reg_ppiten_pp0_it16                             |   1|   0|    1|          0|
    |ap_reg_ppiten_pp0_it17                             |   1|   0|    1|          0|
    |ap_reg_ppiten_pp0_it2                              |   1|   0|    1|          0|
    |ap_reg_ppiten_pp0_it3                              |   1|   0|    1|          0|
    |ap_reg_ppiten_pp0_it4                              |   1|   0|    1|          0|
    |ap_reg_ppiten_pp0_it5                              |   1|   0|    1|          0|
    |ap_reg_ppiten_pp0_it6                              |   1|   0|    1|          0|
    |ap_reg_ppiten_pp0_it7                              |   1|   0|    1|          0|
    |ap_reg_ppiten_pp0_it8                              |   1|   0|    1|          0|
    |ap_reg_ppiten_pp0_it9                              |   1|   0|    1|          0|
    |ap_reg_ppiten_pp1_it0                              |   1|   0|    1|          0|
    |ap_reg_ppiten_pp1_it1                              |   1|   0|    1|          0|
    |ap_reg_ppiten_pp1_it10                             |   1|   0|    1|          0|
    |ap_reg_ppiten_pp1_it11                             |   1|   0|    1|          0|
    |ap_reg_ppiten_pp1_it12                             |   1|   0|    1|          0|
    |ap_reg_ppiten_pp1_it13                             |   1|   0|    1|          0|
    |ap_reg_ppiten_pp1_it14                             |   1|   0|    1|          0|
    |ap_reg_ppiten_pp1_it15                             |   1|   0|    1|          0|
    |ap_reg_ppiten_pp1_it16                             |   1|   0|    1|          0|
    |ap_reg_ppiten_pp1_it2                              |   1|   0|    1|          0|
    |ap_reg_ppiten_pp1_it3                              |   1|   0|    1|          0|
    |ap_reg_ppiten_pp1_it4                              |   1|   0|    1|          0|
    |ap_reg_ppiten_pp1_it5                              |   1|   0|    1|          0|
    |ap_reg_ppiten_pp1_it6                              |   1|   0|    1|          0|
    |ap_reg_ppiten_pp1_it7                              |   1|   0|    1|          0|
    |ap_reg_ppiten_pp1_it8                              |   1|   0|    1|          0|
    |ap_reg_ppiten_pp1_it9                              |   1|   0|    1|          0|
    |ap_reg_ppiten_pp2_it0                              |   1|   0|    1|          0|
    |ap_reg_ppiten_pp2_it1                              |   1|   0|    1|          0|
    |ap_reg_ppiten_pp2_it10                             |   1|   0|    1|          0|
    |ap_reg_ppiten_pp2_it11                             |   1|   0|    1|          0|
    |ap_reg_ppiten_pp2_it12                             |   1|   0|    1|          0|
    |ap_reg_ppiten_pp2_it13                             |   1|   0|    1|          0|
    |ap_reg_ppiten_pp2_it14                             |   1|   0|    1|          0|
    |ap_reg_ppiten_pp2_it15                             |   1|   0|    1|          0|
    |ap_reg_ppiten_pp2_it16                             |   1|   0|    1|          0|
    |ap_reg_ppiten_pp2_it17                             |   1|   0|    1|          0|
    |ap_reg_ppiten_pp2_it18                             |   1|   0|    1|          0|
    |ap_reg_ppiten_pp2_it2                              |   1|   0|    1|          0|
    |ap_reg_ppiten_pp2_it3                              |   1|   0|    1|          0|
    |ap_reg_ppiten_pp2_it4                              |   1|   0|    1|          0|
    |ap_reg_ppiten_pp2_it5                              |   1|   0|    1|          0|
    |ap_reg_ppiten_pp2_it6                              |   1|   0|    1|          0|
    |ap_reg_ppiten_pp2_it7                              |   1|   0|    1|          0|
    |ap_reg_ppiten_pp2_it8                              |   1|   0|    1|          0|
    |ap_reg_ppiten_pp2_it9                              |   1|   0|    1|          0|
    |ap_reg_ppiten_pp3_it0                              |   1|   0|    1|          0|
    |ap_reg_ppiten_pp3_it1                              |   1|   0|    1|          0|
    |ap_reg_ppiten_pp3_it10                             |   1|   0|    1|          0|
    |ap_reg_ppiten_pp3_it11                             |   1|   0|    1|          0|
    |ap_reg_ppiten_pp3_it12                             |   1|   0|    1|          0|
    |ap_reg_ppiten_pp3_it13                             |   1|   0|    1|          0|
    |ap_reg_ppiten_pp3_it14                             |   1|   0|    1|          0|
    |ap_reg_ppiten_pp3_it15                             |   1|   0|    1|          0|
    |ap_reg_ppiten_pp3_it16                             |   1|   0|    1|          0|
    |ap_reg_ppiten_pp3_it17                             |   1|   0|    1|          0|
    |ap_reg_ppiten_pp3_it18                             |   1|   0|    1|          0|
    |ap_reg_ppiten_pp3_it19                             |   1|   0|    1|          0|
    |ap_reg_ppiten_pp3_it2                              |   1|   0|    1|          0|
    |ap_reg_ppiten_pp3_it3                              |   1|   0|    1|          0|
    |ap_reg_ppiten_pp3_it4                              |   1|   0|    1|          0|
    |ap_reg_ppiten_pp3_it5                              |   1|   0|    1|          0|
    |ap_reg_ppiten_pp3_it6                              |   1|   0|    1|          0|
    |ap_reg_ppiten_pp3_it7                              |   1|   0|    1|          0|
    |ap_reg_ppiten_pp3_it8                              |   1|   0|    1|          0|
    |ap_reg_ppiten_pp3_it9                              |   1|   0|    1|          0|
    |bgmodel_mean_addr_read_reg_2427                    |  32|   0|   32|          0|
    |bgmodel_mean_addr_reg_2373                         |  22|   0|   32|         10|
    |bgmodel_sortKey_addr_read_reg_2403                 |  32|   0|   32|          0|
    |bgmodel_sortKey_addr_reg_2361                      |  22|   0|   32|         10|
    |bgmodel_var_addr_read_reg_2439                     |  32|   0|   32|          0|
    |bgmodel_var_addr_reg_2379                          |  22|   0|   32|         10|
    |bgmodel_weight_addr_read_reg_2415                  |  32|   0|   32|          0|
    |bgmodel_weight_addr_reg_2367                       |  22|   0|   32|         10|
    |exitcond4_reg_2529                                 |   1|   0|    1|          0|
    |exitcond5_reg_2385                                 |   1|   0|    1|          0|
    |exitcond6_reg_2462                                 |   1|   0|    1|          0|
    |exitcond7_reg_2593                                 |   1|   0|    1|          0|
    |frame_i_read_reg_2267                              |  32|   0|   32|          0|
    |frame_o_read_reg_2262                              |  32|   0|   32|          0|
    |gmem_addr_1_reg_2510                               |  32|   0|   32|          0|
    |gmem_addr_read_reg_2480                            |   8|   0|    8|          0|
    |gmem_addr_reg_2456                                 |  32|   0|   32|          0|
    |grp_backsub_process_fu_1423_ap_start_ap_start_reg  |   1|   0|    1|          0|
    |indvar1_reg_1377                                   |  13|   0|   13|          0|
    |indvar2_reg_1320                                   |  14|   0|   14|          0|
    |indvar3_reg_1400                                   |  14|   0|   14|          0|
    |indvar_next1_reg_2533                              |  13|   0|   13|          0|
    |indvar_next2_reg_2389                              |  14|   0|   14|          0|
    |indvar_next3_reg_2597                              |  14|   0|   14|          0|
    |indvar_next_reg_2466                               |  13|   0|   13|          0|
    |indvar_reg_1343                                    |  13|   0|   13|          0|
    |learningRate_assign_reg_2343                       |  32|   0|   32|          0|
    |learningRate_read_reg_2255                         |  32|   0|   32|          0|
    |nframes                                            |  32|   0|   32|          0|
    |nframes_load_1_reg_1288                            |  32|   0|   32|          0|
    |or_cond4_reg_2302                                  |   1|   0|    1|          0|
    |or_cond_reg_2324                                   |   1|   0|    1|          0|
    |p_reg_1277                                         |  18|   0|   18|          0|
    |phi_mul1_reg_1355                                  |  27|   0|   27|          0|
    |phi_mul2_reg_1389                                  |  27|   0|   27|          0|
    |phi_mul3_reg_1412                                  |  29|   0|   29|          0|
    |phi_mul_reg_1332                                   |  29|   0|   29|          0|
    |r_1_reg_2495                                       |   4|   0|    4|          0|
    |r_reg_1366                                         |   4|   0|    4|          0|
    |tmp_101_reg_2314                                   |   1|   0|    1|          0|
    |tmp_102_reg_2588                                   |   8|   0|    8|          0|
    |tmp_103_reg_2772                                   |  32|   0|   32|          0|
    |tmp_104_reg_2777                                   |  32|   0|   32|          0|
    |tmp_105_reg_2782                                   |  32|   0|   32|          0|
    |tmp_106_reg_2787                                   |  32|   0|   32|          0|
    |tmp_133_reg_2451                                   |  23|   0|   34|         11|
    |tmp_136_reg_2399                                   |   4|   0|    4|          0|
    |tmp_137_reg_2476                                   |   4|   0|    4|          0|
    |tmp_141_reg_2543                                   |   4|   0|    4|          0|
    |tmp_142_reg_2607                                   |   4|   0|    4|          0|
    |tmp_1_cast_reg_2277                                |  34|   0|   34|          0|
    |tmp_2_cast_reg_2282                                |  34|   0|   34|          0|
    |tmp_46_reg_2319                                    |  32|   0|   32|          0|
    |tmp_49_reg_2328                                    |   1|   0|    1|          0|
    |tmp_51_reg_2333                                    |  64|   0|   64|          0|
    |tmp_52_reg_2338                                    |  64|   0|   64|          0|
    |tmp_53_reg_1299                                    |  64|   0|   64|          0|
    |tmp_54_reg_2356                                    |   9|   0|   19|         10|
    |tmp_59_reg_2500                                    |   8|   0|   14|          6|
    |tmp_60_reg_2515                                    |  26|   0|   64|         38|
    |tmp_61_reg_2505                                    |   8|   0|   15|          7|
    |tmp_62_reg_2521                                    |  25|   0|   64|         39|
    |tmp_97_reg_2297                                    |   1|   0|    1|          0|
    |tmp_98_reg_2272                                    |   1|   0|    1|          0|
    |tmp_reg_2287                                       |  64|   0|   64|          0|
    |x_4_reg_2351                                       |   4|   0|    4|          0|
    |x_reg_1308                                         |   4|   0|    4|          0|
    |exitcond4_reg_2529                                 |   0|   1|    1|          0|
    |exitcond5_reg_2385                                 |   0|   1|    1|          0|
    |exitcond6_reg_2462                                 |   0|   1|    1|          0|
    |exitcond7_reg_2593                                 |   0|   1|    1|          0|
    |tmp_136_reg_2399                                   |   0|   4|    4|          0|
    |tmp_137_reg_2476                                   |   0|   4|    4|          0|
    |tmp_141_reg_2543                                   |   0|   4|    4|          0|
    |tmp_142_reg_2607                                   |   0|   4|    4|          0|
    +---------------------------------------------------+----+----+-----+-----------+
    |Total                                              |1521|  20| 1692|        151|
    +---------------------------------------------------+----+----+-----+-----------+



================================================================
== Interface
================================================================
* Summary: 
+--------------------------------+-----+-----+------------+-----------------+--------------+
|            RTL Ports           | Dir | Bits|  Protocol  |  Source Object  |    C Type    |
+--------------------------------+-----+-----+------------+-----------------+--------------+
|s_axi_AXILiteS_AWVALID          |  in |    1|    s_axi   |     AXILiteS    |    scalar    |
|s_axi_AXILiteS_AWREADY          | out |    1|    s_axi   |     AXILiteS    |    scalar    |
|s_axi_AXILiteS_AWADDR           |  in |    6|    s_axi   |     AXILiteS    |    scalar    |
|s_axi_AXILiteS_WVALID           |  in |    1|    s_axi   |     AXILiteS    |    scalar    |
|s_axi_AXILiteS_WREADY           | out |    1|    s_axi   |     AXILiteS    |    scalar    |
|s_axi_AXILiteS_WDATA            |  in |   32|    s_axi   |     AXILiteS    |    scalar    |
|s_axi_AXILiteS_WSTRB            |  in |    4|    s_axi   |     AXILiteS    |    scalar    |
|s_axi_AXILiteS_ARVALID          |  in |    1|    s_axi   |     AXILiteS    |    scalar    |
|s_axi_AXILiteS_ARREADY          | out |    1|    s_axi   |     AXILiteS    |    scalar    |
|s_axi_AXILiteS_ARADDR           |  in |    6|    s_axi   |     AXILiteS    |    scalar    |
|s_axi_AXILiteS_RVALID           | out |    1|    s_axi   |     AXILiteS    |    scalar    |
|s_axi_AXILiteS_RREADY           |  in |    1|    s_axi   |     AXILiteS    |    scalar    |
|s_axi_AXILiteS_RDATA            | out |   32|    s_axi   |     AXILiteS    |    scalar    |
|s_axi_AXILiteS_RRESP            | out |    2|    s_axi   |     AXILiteS    |    scalar    |
|s_axi_AXILiteS_BVALID           | out |    1|    s_axi   |     AXILiteS    |    scalar    |
|s_axi_AXILiteS_BREADY           |  in |    1|    s_axi   |     AXILiteS    |    scalar    |
|s_axi_AXILiteS_BRESP            | out |    2|    s_axi   |     AXILiteS    |    scalar    |
|s_axi_CRTL_BUS_AWVALID          |  in |    1|    s_axi   |     CRTL_BUS    |    scalar    |
|s_axi_CRTL_BUS_AWREADY          | out |    1|    s_axi   |     CRTL_BUS    |    scalar    |
|s_axi_CRTL_BUS_AWADDR           |  in |    5|    s_axi   |     CRTL_BUS    |    scalar    |
|s_axi_CRTL_BUS_WVALID           |  in |    1|    s_axi   |     CRTL_BUS    |    scalar    |
|s_axi_CRTL_BUS_WREADY           | out |    1|    s_axi   |     CRTL_BUS    |    scalar    |
|s_axi_CRTL_BUS_WDATA            |  in |   32|    s_axi   |     CRTL_BUS    |    scalar    |
|s_axi_CRTL_BUS_WSTRB            |  in |    4|    s_axi   |     CRTL_BUS    |    scalar    |
|s_axi_CRTL_BUS_ARVALID          |  in |    1|    s_axi   |     CRTL_BUS    |    scalar    |
|s_axi_CRTL_BUS_ARREADY          | out |    1|    s_axi   |     CRTL_BUS    |    scalar    |
|s_axi_CRTL_BUS_ARADDR           |  in |    5|    s_axi   |     CRTL_BUS    |    scalar    |
|s_axi_CRTL_BUS_RVALID           | out |    1|    s_axi   |     CRTL_BUS    |    scalar    |
|s_axi_CRTL_BUS_RREADY           |  in |    1|    s_axi   |     CRTL_BUS    |    scalar    |
|s_axi_CRTL_BUS_RDATA            | out |   32|    s_axi   |     CRTL_BUS    |    scalar    |
|s_axi_CRTL_BUS_RRESP            | out |    2|    s_axi   |     CRTL_BUS    |    scalar    |
|s_axi_CRTL_BUS_BVALID           | out |    1|    s_axi   |     CRTL_BUS    |    scalar    |
|s_axi_CRTL_BUS_BREADY           |  in |    1|    s_axi   |     CRTL_BUS    |    scalar    |
|s_axi_CRTL_BUS_BRESP            | out |    2|    s_axi   |     CRTL_BUS    |    scalar    |
|ap_clk                          |  in |    1| ap_ctrl_hs |     backsub     | return value |
|ap_rst_n                        |  in |    1| ap_ctrl_hs |     backsub     | return value |
|ap_start                        |  in |    1| ap_ctrl_hs |     backsub     | return value |
|ap_done                         | out |    1| ap_ctrl_hs |     backsub     | return value |
|ap_idle                         | out |    1| ap_ctrl_hs |     backsub     | return value |
|ap_ready                        | out |    1| ap_ctrl_hs |     backsub     | return value |
|m_axi_gmem_AWVALID              | out |    1|    m_axi   |       gmem      |    pointer   |
|m_axi_gmem_AWREADY              |  in |    1|    m_axi   |       gmem      |    pointer   |
|m_axi_gmem_AWADDR               | out |   32|    m_axi   |       gmem      |    pointer   |
|m_axi_gmem_AWID                 | out |    1|    m_axi   |       gmem      |    pointer   |
|m_axi_gmem_AWLEN                | out |    8|    m_axi   |       gmem      |    pointer   |
|m_axi_gmem_AWSIZE               | out |    3|    m_axi   |       gmem      |    pointer   |
|m_axi_gmem_AWBURST              | out |    2|    m_axi   |       gmem      |    pointer   |
|m_axi_gmem_AWLOCK               | out |    2|    m_axi   |       gmem      |    pointer   |
|m_axi_gmem_AWCACHE              | out |    4|    m_axi   |       gmem      |    pointer   |
|m_axi_gmem_AWPROT               | out |    3|    m_axi   |       gmem      |    pointer   |
|m_axi_gmem_AWQOS                | out |    4|    m_axi   |       gmem      |    pointer   |
|m_axi_gmem_AWREGION             | out |    4|    m_axi   |       gmem      |    pointer   |
|m_axi_gmem_AWUSER               | out |    1|    m_axi   |       gmem      |    pointer   |
|m_axi_gmem_WVALID               | out |    1|    m_axi   |       gmem      |    pointer   |
|m_axi_gmem_WREADY               |  in |    1|    m_axi   |       gmem      |    pointer   |
|m_axi_gmem_WDATA                | out |   32|    m_axi   |       gmem      |    pointer   |
|m_axi_gmem_WSTRB                | out |    4|    m_axi   |       gmem      |    pointer   |
|m_axi_gmem_WLAST                | out |    1|    m_axi   |       gmem      |    pointer   |
|m_axi_gmem_WID                  | out |    1|    m_axi   |       gmem      |    pointer   |
|m_axi_gmem_WUSER                | out |    1|    m_axi   |       gmem      |    pointer   |
|m_axi_gmem_ARVALID              | out |    1|    m_axi   |       gmem      |    pointer   |
|m_axi_gmem_ARREADY              |  in |    1|    m_axi   |       gmem      |    pointer   |
|m_axi_gmem_ARADDR               | out |   32|    m_axi   |       gmem      |    pointer   |
|m_axi_gmem_ARID                 | out |    1|    m_axi   |       gmem      |    pointer   |
|m_axi_gmem_ARLEN                | out |    8|    m_axi   |       gmem      |    pointer   |
|m_axi_gmem_ARSIZE               | out |    3|    m_axi   |       gmem      |    pointer   |
|m_axi_gmem_ARBURST              | out |    2|    m_axi   |       gmem      |    pointer   |
|m_axi_gmem_ARLOCK               | out |    2|    m_axi   |       gmem      |    pointer   |
|m_axi_gmem_ARCACHE              | out |    4|    m_axi   |       gmem      |    pointer   |
|m_axi_gmem_ARPROT               | out |    3|    m_axi   |       gmem      |    pointer   |
|m_axi_gmem_ARQOS                | out |    4|    m_axi   |       gmem      |    pointer   |
|m_axi_gmem_ARREGION             | out |    4|    m_axi   |       gmem      |    pointer   |
|m_axi_gmem_ARUSER               | out |    1|    m_axi   |       gmem      |    pointer   |
|m_axi_gmem_RVALID               |  in |    1|    m_axi   |       gmem      |    pointer   |
|m_axi_gmem_RREADY               | out |    1|    m_axi   |       gmem      |    pointer   |
|m_axi_gmem_RDATA                |  in |   32|    m_axi   |       gmem      |    pointer   |
|m_axi_gmem_RLAST                |  in |    1|    m_axi   |       gmem      |    pointer   |
|m_axi_gmem_RID                  |  in |    1|    m_axi   |       gmem      |    pointer   |
|m_axi_gmem_RUSER                |  in |    1|    m_axi   |       gmem      |    pointer   |
|m_axi_gmem_RRESP                |  in |    2|    m_axi   |       gmem      |    pointer   |
|m_axi_gmem_BVALID               |  in |    1|    m_axi   |       gmem      |    pointer   |
|m_axi_gmem_BREADY               | out |    1|    m_axi   |       gmem      |    pointer   |
|m_axi_gmem_BRESP                |  in |    2|    m_axi   |       gmem      |    pointer   |
|m_axi_gmem_BID                  |  in |    1|    m_axi   |       gmem      |    pointer   |
|m_axi_gmem_BUSER                |  in |    1|    m_axi   |       gmem      |    pointer   |
|m_axi_bgmodel_sortKey_AWVALID   | out |    1|    m_axi   | bgmodel_sortKey |    pointer   |
|m_axi_bgmodel_sortKey_AWREADY   |  in |    1|    m_axi   | bgmodel_sortKey |    pointer   |
|m_axi_bgmodel_sortKey_AWADDR    | out |   32|    m_axi   | bgmodel_sortKey |    pointer   |
|m_axi_bgmodel_sortKey_AWID      | out |    1|    m_axi   | bgmodel_sortKey |    pointer   |
|m_axi_bgmodel_sortKey_AWLEN     | out |    8|    m_axi   | bgmodel_sortKey |    pointer   |
|m_axi_bgmodel_sortKey_AWSIZE    | out |    3|    m_axi   | bgmodel_sortKey |    pointer   |
|m_axi_bgmodel_sortKey_AWBURST   | out |    2|    m_axi   | bgmodel_sortKey |    pointer   |
|m_axi_bgmodel_sortKey_AWLOCK    | out |    2|    m_axi   | bgmodel_sortKey |    pointer   |
|m_axi_bgmodel_sortKey_AWCACHE   | out |    4|    m_axi   | bgmodel_sortKey |    pointer   |
|m_axi_bgmodel_sortKey_AWPROT    | out |    3|    m_axi   | bgmodel_sortKey |    pointer   |
|m_axi_bgmodel_sortKey_AWQOS     | out |    4|    m_axi   | bgmodel_sortKey |    pointer   |
|m_axi_bgmodel_sortKey_AWREGION  | out |    4|    m_axi   | bgmodel_sortKey |    pointer   |
|m_axi_bgmodel_sortKey_AWUSER    | out |    1|    m_axi   | bgmodel_sortKey |    pointer   |
|m_axi_bgmodel_sortKey_WVALID    | out |    1|    m_axi   | bgmodel_sortKey |    pointer   |
|m_axi_bgmodel_sortKey_WREADY    |  in |    1|    m_axi   | bgmodel_sortKey |    pointer   |
|m_axi_bgmodel_sortKey_WDATA     | out |   32|    m_axi   | bgmodel_sortKey |    pointer   |
|m_axi_bgmodel_sortKey_WSTRB     | out |    4|    m_axi   | bgmodel_sortKey |    pointer   |
|m_axi_bgmodel_sortKey_WLAST     | out |    1|    m_axi   | bgmodel_sortKey |    pointer   |
|m_axi_bgmodel_sortKey_WID       | out |    1|    m_axi   | bgmodel_sortKey |    pointer   |
|m_axi_bgmodel_sortKey_WUSER     | out |    1|    m_axi   | bgmodel_sortKey |    pointer   |
|m_axi_bgmodel_sortKey_ARVALID   | out |    1|    m_axi   | bgmodel_sortKey |    pointer   |
|m_axi_bgmodel_sortKey_ARREADY   |  in |    1|    m_axi   | bgmodel_sortKey |    pointer   |
|m_axi_bgmodel_sortKey_ARADDR    | out |   32|    m_axi   | bgmodel_sortKey |    pointer   |
|m_axi_bgmodel_sortKey_ARID      | out |    1|    m_axi   | bgmodel_sortKey |    pointer   |
|m_axi_bgmodel_sortKey_ARLEN     | out |    8|    m_axi   | bgmodel_sortKey |    pointer   |
|m_axi_bgmodel_sortKey_ARSIZE    | out |    3|    m_axi   | bgmodel_sortKey |    pointer   |
|m_axi_bgmodel_sortKey_ARBURST   | out |    2|    m_axi   | bgmodel_sortKey |    pointer   |
|m_axi_bgmodel_sortKey_ARLOCK    | out |    2|    m_axi   | bgmodel_sortKey |    pointer   |
|m_axi_bgmodel_sortKey_ARCACHE   | out |    4|    m_axi   | bgmodel_sortKey |    pointer   |
|m_axi_bgmodel_sortKey_ARPROT    | out |    3|    m_axi   | bgmodel_sortKey |    pointer   |
|m_axi_bgmodel_sortKey_ARQOS     | out |    4|    m_axi   | bgmodel_sortKey |    pointer   |
|m_axi_bgmodel_sortKey_ARREGION  | out |    4|    m_axi   | bgmodel_sortKey |    pointer   |
|m_axi_bgmodel_sortKey_ARUSER    | out |    1|    m_axi   | bgmodel_sortKey |    pointer   |
|m_axi_bgmodel_sortKey_RVALID    |  in |    1|    m_axi   | bgmodel_sortKey |    pointer   |
|m_axi_bgmodel_sortKey_RREADY    | out |    1|    m_axi   | bgmodel_sortKey |    pointer   |
|m_axi_bgmodel_sortKey_RDATA     |  in |   32|    m_axi   | bgmodel_sortKey |    pointer   |
|m_axi_bgmodel_sortKey_RLAST     |  in |    1|    m_axi   | bgmodel_sortKey |    pointer   |
|m_axi_bgmodel_sortKey_RID       |  in |    1|    m_axi   | bgmodel_sortKey |    pointer   |
|m_axi_bgmodel_sortKey_RUSER     |  in |    1|    m_axi   | bgmodel_sortKey |    pointer   |
|m_axi_bgmodel_sortKey_RRESP     |  in |    2|    m_axi   | bgmodel_sortKey |    pointer   |
|m_axi_bgmodel_sortKey_BVALID    |  in |    1|    m_axi   | bgmodel_sortKey |    pointer   |
|m_axi_bgmodel_sortKey_BREADY    | out |    1|    m_axi   | bgmodel_sortKey |    pointer   |
|m_axi_bgmodel_sortKey_BRESP     |  in |    2|    m_axi   | bgmodel_sortKey |    pointer   |
|m_axi_bgmodel_sortKey_BID       |  in |    1|    m_axi   | bgmodel_sortKey |    pointer   |
|m_axi_bgmodel_sortKey_BUSER     |  in |    1|    m_axi   | bgmodel_sortKey |    pointer   |
|m_axi_bgmodel_weight_AWVALID    | out |    1|    m_axi   |  bgmodel_weight |    pointer   |
|m_axi_bgmodel_weight_AWREADY    |  in |    1|    m_axi   |  bgmodel_weight |    pointer   |
|m_axi_bgmodel_weight_AWADDR     | out |   32|    m_axi   |  bgmodel_weight |    pointer   |
|m_axi_bgmodel_weight_AWID       | out |    1|    m_axi   |  bgmodel_weight |    pointer   |
|m_axi_bgmodel_weight_AWLEN      | out |    8|    m_axi   |  bgmodel_weight |    pointer   |
|m_axi_bgmodel_weight_AWSIZE     | out |    3|    m_axi   |  bgmodel_weight |    pointer   |
|m_axi_bgmodel_weight_AWBURST    | out |    2|    m_axi   |  bgmodel_weight |    pointer   |
|m_axi_bgmodel_weight_AWLOCK     | out |    2|    m_axi   |  bgmodel_weight |    pointer   |
|m_axi_bgmodel_weight_AWCACHE    | out |    4|    m_axi   |  bgmodel_weight |    pointer   |
|m_axi_bgmodel_weight_AWPROT     | out |    3|    m_axi   |  bgmodel_weight |    pointer   |
|m_axi_bgmodel_weight_AWQOS      | out |    4|    m_axi   |  bgmodel_weight |    pointer   |
|m_axi_bgmodel_weight_AWREGION   | out |    4|    m_axi   |  bgmodel_weight |    pointer   |
|m_axi_bgmodel_weight_AWUSER     | out |    1|    m_axi   |  bgmodel_weight |    pointer   |
|m_axi_bgmodel_weight_WVALID     | out |    1|    m_axi   |  bgmodel_weight |    pointer   |
|m_axi_bgmodel_weight_WREADY     |  in |    1|    m_axi   |  bgmodel_weight |    pointer   |
|m_axi_bgmodel_weight_WDATA      | out |   32|    m_axi   |  bgmodel_weight |    pointer   |
|m_axi_bgmodel_weight_WSTRB      | out |    4|    m_axi   |  bgmodel_weight |    pointer   |
|m_axi_bgmodel_weight_WLAST      | out |    1|    m_axi   |  bgmodel_weight |    pointer   |
|m_axi_bgmodel_weight_WID        | out |    1|    m_axi   |  bgmodel_weight |    pointer   |
|m_axi_bgmodel_weight_WUSER      | out |    1|    m_axi   |  bgmodel_weight |    pointer   |
|m_axi_bgmodel_weight_ARVALID    | out |    1|    m_axi   |  bgmodel_weight |    pointer   |
|m_axi_bgmodel_weight_ARREADY    |  in |    1|    m_axi   |  bgmodel_weight |    pointer   |
|m_axi_bgmodel_weight_ARADDR     | out |   32|    m_axi   |  bgmodel_weight |    pointer   |
|m_axi_bgmodel_weight_ARID       | out |    1|    m_axi   |  bgmodel_weight |    pointer   |
|m_axi_bgmodel_weight_ARLEN      | out |    8|    m_axi   |  bgmodel_weight |    pointer   |
|m_axi_bgmodel_weight_ARSIZE     | out |    3|    m_axi   |  bgmodel_weight |    pointer   |
|m_axi_bgmodel_weight_ARBURST    | out |    2|    m_axi   |  bgmodel_weight |    pointer   |
|m_axi_bgmodel_weight_ARLOCK     | out |    2|    m_axi   |  bgmodel_weight |    pointer   |
|m_axi_bgmodel_weight_ARCACHE    | out |    4|    m_axi   |  bgmodel_weight |    pointer   |
|m_axi_bgmodel_weight_ARPROT     | out |    3|    m_axi   |  bgmodel_weight |    pointer   |
|m_axi_bgmodel_weight_ARQOS      | out |    4|    m_axi   |  bgmodel_weight |    pointer   |
|m_axi_bgmodel_weight_ARREGION   | out |    4|    m_axi   |  bgmodel_weight |    pointer   |
|m_axi_bgmodel_weight_ARUSER     | out |    1|    m_axi   |  bgmodel_weight |    pointer   |
|m_axi_bgmodel_weight_RVALID     |  in |    1|    m_axi   |  bgmodel_weight |    pointer   |
|m_axi_bgmodel_weight_RREADY     | out |    1|    m_axi   |  bgmodel_weight |    pointer   |
|m_axi_bgmodel_weight_RDATA      |  in |   32|    m_axi   |  bgmodel_weight |    pointer   |
|m_axi_bgmodel_weight_RLAST      |  in |    1|    m_axi   |  bgmodel_weight |    pointer   |
|m_axi_bgmodel_weight_RID        |  in |    1|    m_axi   |  bgmodel_weight |    pointer   |
|m_axi_bgmodel_weight_RUSER      |  in |    1|    m_axi   |  bgmodel_weight |    pointer   |
|m_axi_bgmodel_weight_RRESP      |  in |    2|    m_axi   |  bgmodel_weight |    pointer   |
|m_axi_bgmodel_weight_BVALID     |  in |    1|    m_axi   |  bgmodel_weight |    pointer   |
|m_axi_bgmodel_weight_BREADY     | out |    1|    m_axi   |  bgmodel_weight |    pointer   |
|m_axi_bgmodel_weight_BRESP      |  in |    2|    m_axi   |  bgmodel_weight |    pointer   |
|m_axi_bgmodel_weight_BID        |  in |    1|    m_axi   |  bgmodel_weight |    pointer   |
|m_axi_bgmodel_weight_BUSER      |  in |    1|    m_axi   |  bgmodel_weight |    pointer   |
|m_axi_bgmodel_mean_AWVALID      | out |    1|    m_axi   |   bgmodel_mean  |    pointer   |
|m_axi_bgmodel_mean_AWREADY      |  in |    1|    m_axi   |   bgmodel_mean  |    pointer   |
|m_axi_bgmodel_mean_AWADDR       | out |   32|    m_axi   |   bgmodel_mean  |    pointer   |
|m_axi_bgmodel_mean_AWID         | out |    1|    m_axi   |   bgmodel_mean  |    pointer   |
|m_axi_bgmodel_mean_AWLEN        | out |    8|    m_axi   |   bgmodel_mean  |    pointer   |
|m_axi_bgmodel_mean_AWSIZE       | out |    3|    m_axi   |   bgmodel_mean  |    pointer   |
|m_axi_bgmodel_mean_AWBURST      | out |    2|    m_axi   |   bgmodel_mean  |    pointer   |
|m_axi_bgmodel_mean_AWLOCK       | out |    2|    m_axi   |   bgmodel_mean  |    pointer   |
|m_axi_bgmodel_mean_AWCACHE      | out |    4|    m_axi   |   bgmodel_mean  |    pointer   |
|m_axi_bgmodel_mean_AWPROT       | out |    3|    m_axi   |   bgmodel_mean  |    pointer   |
|m_axi_bgmodel_mean_AWQOS        | out |    4|    m_axi   |   bgmodel_mean  |    pointer   |
|m_axi_bgmodel_mean_AWREGION     | out |    4|    m_axi   |   bgmodel_mean  |    pointer   |
|m_axi_bgmodel_mean_AWUSER       | out |    1|    m_axi   |   bgmodel_mean  |    pointer   |
|m_axi_bgmodel_mean_WVALID       | out |    1|    m_axi   |   bgmodel_mean  |    pointer   |
|m_axi_bgmodel_mean_WREADY       |  in |    1|    m_axi   |   bgmodel_mean  |    pointer   |
|m_axi_bgmodel_mean_WDATA        | out |   32|    m_axi   |   bgmodel_mean  |    pointer   |
|m_axi_bgmodel_mean_WSTRB        | out |    4|    m_axi   |   bgmodel_mean  |    pointer   |
|m_axi_bgmodel_mean_WLAST        | out |    1|    m_axi   |   bgmodel_mean  |    pointer   |
|m_axi_bgmodel_mean_WID          | out |    1|    m_axi   |   bgmodel_mean  |    pointer   |
|m_axi_bgmodel_mean_WUSER        | out |    1|    m_axi   |   bgmodel_mean  |    pointer   |
|m_axi_bgmodel_mean_ARVALID      | out |    1|    m_axi   |   bgmodel_mean  |    pointer   |
|m_axi_bgmodel_mean_ARREADY      |  in |    1|    m_axi   |   bgmodel_mean  |    pointer   |
|m_axi_bgmodel_mean_ARADDR       | out |   32|    m_axi   |   bgmodel_mean  |    pointer   |
|m_axi_bgmodel_mean_ARID         | out |    1|    m_axi   |   bgmodel_mean  |    pointer   |
|m_axi_bgmodel_mean_ARLEN        | out |    8|    m_axi   |   bgmodel_mean  |    pointer   |
|m_axi_bgmodel_mean_ARSIZE       | out |    3|    m_axi   |   bgmodel_mean  |    pointer   |
|m_axi_bgmodel_mean_ARBURST      | out |    2|    m_axi   |   bgmodel_mean  |    pointer   |
|m_axi_bgmodel_mean_ARLOCK       | out |    2|    m_axi   |   bgmodel_mean  |    pointer   |
|m_axi_bgmodel_mean_ARCACHE      | out |    4|    m_axi   |   bgmodel_mean  |    pointer   |
|m_axi_bgmodel_mean_ARPROT       | out |    3|    m_axi   |   bgmodel_mean  |    pointer   |
|m_axi_bgmodel_mean_ARQOS        | out |    4|    m_axi   |   bgmodel_mean  |    pointer   |
|m_axi_bgmodel_mean_ARREGION     | out |    4|    m_axi   |   bgmodel_mean  |    pointer   |
|m_axi_bgmodel_mean_ARUSER       | out |    1|    m_axi   |   bgmodel_mean  |    pointer   |
|m_axi_bgmodel_mean_RVALID       |  in |    1|    m_axi   |   bgmodel_mean  |    pointer   |
|m_axi_bgmodel_mean_RREADY       | out |    1|    m_axi   |   bgmodel_mean  |    pointer   |
|m_axi_bgmodel_mean_RDATA        |  in |   32|    m_axi   |   bgmodel_mean  |    pointer   |
|m_axi_bgmodel_mean_RLAST        |  in |    1|    m_axi   |   bgmodel_mean  |    pointer   |
|m_axi_bgmodel_mean_RID          |  in |    1|    m_axi   |   bgmodel_mean  |    pointer   |
|m_axi_bgmodel_mean_RUSER        |  in |    1|    m_axi   |   bgmodel_mean  |    pointer   |
|m_axi_bgmodel_mean_RRESP        |  in |    2|    m_axi   |   bgmodel_mean  |    pointer   |
|m_axi_bgmodel_mean_BVALID       |  in |    1|    m_axi   |   bgmodel_mean  |    pointer   |
|m_axi_bgmodel_mean_BREADY       | out |    1|    m_axi   |   bgmodel_mean  |    pointer   |
|m_axi_bgmodel_mean_BRESP        |  in |    2|    m_axi   |   bgmodel_mean  |    pointer   |
|m_axi_bgmodel_mean_BID          |  in |    1|    m_axi   |   bgmodel_mean  |    pointer   |
|m_axi_bgmodel_mean_BUSER        |  in |    1|    m_axi   |   bgmodel_mean  |    pointer   |
|m_axi_bgmodel_var_AWVALID       | out |    1|    m_axi   |   bgmodel_var   |    pointer   |
|m_axi_bgmodel_var_AWREADY       |  in |    1|    m_axi   |   bgmodel_var   |    pointer   |
|m_axi_bgmodel_var_AWADDR        | out |   32|    m_axi   |   bgmodel_var   |    pointer   |
|m_axi_bgmodel_var_AWID          | out |    1|    m_axi   |   bgmodel_var   |    pointer   |
|m_axi_bgmodel_var_AWLEN         | out |    8|    m_axi   |   bgmodel_var   |    pointer   |
|m_axi_bgmodel_var_AWSIZE        | out |    3|    m_axi   |   bgmodel_var   |    pointer   |
|m_axi_bgmodel_var_AWBURST       | out |    2|    m_axi   |   bgmodel_var   |    pointer   |
|m_axi_bgmodel_var_AWLOCK        | out |    2|    m_axi   |   bgmodel_var   |    pointer   |
|m_axi_bgmodel_var_AWCACHE       | out |    4|    m_axi   |   bgmodel_var   |    pointer   |
|m_axi_bgmodel_var_AWPROT        | out |    3|    m_axi   |   bgmodel_var   |    pointer   |
|m_axi_bgmodel_var_AWQOS         | out |    4|    m_axi   |   bgmodel_var   |    pointer   |
|m_axi_bgmodel_var_AWREGION      | out |    4|    m_axi   |   bgmodel_var   |    pointer   |
|m_axi_bgmodel_var_AWUSER        | out |    1|    m_axi   |   bgmodel_var   |    pointer   |
|m_axi_bgmodel_var_WVALID        | out |    1|    m_axi   |   bgmodel_var   |    pointer   |
|m_axi_bgmodel_var_WREADY        |  in |    1|    m_axi   |   bgmodel_var   |    pointer   |
|m_axi_bgmodel_var_WDATA         | out |   32|    m_axi   |   bgmodel_var   |    pointer   |
|m_axi_bgmodel_var_WSTRB         | out |    4|    m_axi   |   bgmodel_var   |    pointer   |
|m_axi_bgmodel_var_WLAST         | out |    1|    m_axi   |   bgmodel_var   |    pointer   |
|m_axi_bgmodel_var_WID           | out |    1|    m_axi   |   bgmodel_var   |    pointer   |
|m_axi_bgmodel_var_WUSER         | out |    1|    m_axi   |   bgmodel_var   |    pointer   |
|m_axi_bgmodel_var_ARVALID       | out |    1|    m_axi   |   bgmodel_var   |    pointer   |
|m_axi_bgmodel_var_ARREADY       |  in |    1|    m_axi   |   bgmodel_var   |    pointer   |
|m_axi_bgmodel_var_ARADDR        | out |   32|    m_axi   |   bgmodel_var   |    pointer   |
|m_axi_bgmodel_var_ARID          | out |    1|    m_axi   |   bgmodel_var   |    pointer   |
|m_axi_bgmodel_var_ARLEN         | out |    8|    m_axi   |   bgmodel_var   |    pointer   |
|m_axi_bgmodel_var_ARSIZE        | out |    3|    m_axi   |   bgmodel_var   |    pointer   |
|m_axi_bgmodel_var_ARBURST       | out |    2|    m_axi   |   bgmodel_var   |    pointer   |
|m_axi_bgmodel_var_ARLOCK        | out |    2|    m_axi   |   bgmodel_var   |    pointer   |
|m_axi_bgmodel_var_ARCACHE       | out |    4|    m_axi   |   bgmodel_var   |    pointer   |
|m_axi_bgmodel_var_ARPROT        | out |    3|    m_axi   |   bgmodel_var   |    pointer   |
|m_axi_bgmodel_var_ARQOS         | out |    4|    m_axi   |   bgmodel_var   |    pointer   |
|m_axi_bgmodel_var_ARREGION      | out |    4|    m_axi   |   bgmodel_var   |    pointer   |
|m_axi_bgmodel_var_ARUSER        | out |    1|    m_axi   |   bgmodel_var   |    pointer   |
|m_axi_bgmodel_var_RVALID        |  in |    1|    m_axi   |   bgmodel_var   |    pointer   |
|m_axi_bgmodel_var_RREADY        | out |    1|    m_axi   |   bgmodel_var   |    pointer   |
|m_axi_bgmodel_var_RDATA         |  in |   32|    m_axi   |   bgmodel_var   |    pointer   |
|m_axi_bgmodel_var_RLAST         |  in |    1|    m_axi   |   bgmodel_var   |    pointer   |
|m_axi_bgmodel_var_RID           |  in |    1|    m_axi   |   bgmodel_var   |    pointer   |
|m_axi_bgmodel_var_RUSER         |  in |    1|    m_axi   |   bgmodel_var   |    pointer   |
|m_axi_bgmodel_var_RRESP         |  in |    2|    m_axi   |   bgmodel_var   |    pointer   |
|m_axi_bgmodel_var_BVALID        |  in |    1|    m_axi   |   bgmodel_var   |    pointer   |
|m_axi_bgmodel_var_BREADY        | out |    1|    m_axi   |   bgmodel_var   |    pointer   |
|m_axi_bgmodel_var_BRESP         |  in |    2|    m_axi   |   bgmodel_var   |    pointer   |
|m_axi_bgmodel_var_BID           |  in |    1|    m_axi   |   bgmodel_var   |    pointer   |
|m_axi_bgmodel_var_BUSER         |  in |    1|    m_axi   |   bgmodel_var   |    pointer   |
+--------------------------------+-----+-----+------------+-----------------+--------------+

