

================================================================
== Vivado HLS Report for 'bgsub_process'
================================================================
* Date:           Thu Jan 11 21:03:39 2018

* Version:        2015.4 (Build 1412921 on Wed Nov 18 09:58:55 AM 2015)
* Project:        backsub_gmm_new_180110
* Solution:       solution1
* Product family: zynq
* Target device:  xc7z020clg484-1


================================================================
== Performance Estimates
================================================================
+ Timing (ns): 
    * Summary: 
    +--------+-------+----------+------------+
    |  Clock | Target| Estimated| Uncertainty|
    +--------+-------+----------+------------+
    |ap_clk  |  10.00|      9.58|        1.25|
    +--------+-------+----------+------------+

+ Latency (clock cycles): 
    * Summary: 
    +-------+--------+-------+--------+---------+
    |     Latency    |    Interval    | Pipeline|
    |  min  |   max  |  min  |   max  |   Type  |
    +-------+--------+-------+--------+---------+
    |  34570|  225290|  34570|  225290|   none  |
    +-------+--------+-------+--------+---------+

    + Detail: 
        * Instance: 
        N/A

        * Loop: 
        +-----------------+-------+--------+--------------+-----------+-----------+-------+----------+
        |                 |     Latency    |   Iteration  |  Initiation Interval  |  Trip |          |
        |    Loop Name    |  min  |   max  |    Latency   |  achieved |   target  | Count | Pipelined|
        +-----------------+-------+--------+--------------+-----------+-----------+-------+----------+
        |- Loop 1         |  34568|  225288| 8642 ~ 56322 |          -|          -|      4|    no    |
        | + Loop 1.1      |  24960|   56320|   78 ~ 176   |          -|          -|    320|    no    |
        |  ++ Loop 1.1.1  |     19|      56|            19|          -|          -| 1 ~ 2 |    no    |
        |  ++ Loop 1.1.2  |      0|       9|             6|          -|          -| 0 ~ 1 |    no    |
        |  ++ Loop 1.1.3  |      7|      14|             7|          -|          -| 1 ~ 2 |    no    |
        |  ++ Loop 1.1.4  |     24|      24|            12|          -|          -|      2|    no    |
        | + Loop 1.2      |   8640|   25920|    27 ~ 81   |          -|          -|    320|    no    |
        |  ++ Loop 1.2.1  |     15|      44|            15|          -|          -| 1 ~ 2 |    no    |
        |  ++ Loop 1.2.2  |      8|      23|             8|          -|          -| 1 ~ 2 |    no    |
        +-----------------+-------+--------+--------------+-----------+-----------+-------+----------+



================================================================
== Utilization Estimates
================================================================
* Summary: 
+-----------------+---------+-------+--------+-------+
|       Name      | BRAM_18K| DSP48E|   FF   |  LUT  |
+-----------------+---------+-------+--------+-------+
|DSP              |        -|      -|       -|      -|
|Expression       |        -|      -|       0|    492|
|FIFO             |        -|      -|       -|      -|
|Instance         |        -|     10|    2268|   3824|
|Memory           |        -|      -|       -|      -|
|Multiplexer      |        -|      -|       -|   1738|
|Register         |        -|      -|    1519|      -|
+-----------------+---------+-------+--------+-------+
|Total            |        0|     10|    3787|   6054|
+-----------------+---------+-------+--------+-------+
|Available        |      280|    220|  106400|  53200|
+-----------------+---------+-------+--------+-------+
|Utilization (%)  |        0|      4|       3|     11|
+-----------------+---------+-------+--------+-------+

+ Detail: 
    * Instance: 
    +-------------------------------------------+----------------------------------------+---------+-------+-----+-----+
    |                  Instance                 |                 Module                 | BRAM_18K| DSP48E|  FF | LUT |
    +-------------------------------------------+----------------------------------------+---------+-------+-----+-----+
    |bgsub_faddfsub_32ns_32ns_32_5_full_dsp_U1  |bgsub_faddfsub_32ns_32ns_32_5_full_dsp  |        0|      2|  205|  390|
    |bgsub_faddfsub_32ns_32ns_32_5_full_dsp_U2  |bgsub_faddfsub_32ns_32ns_32_5_full_dsp  |        0|      2|  205|  390|
    |bgsub_fcmp_32ns_32ns_1_1_U7                |bgsub_fcmp_32ns_32ns_1_1                |        0|      0|   66|  239|
    |bgsub_fdiv_32ns_32ns_32_16_U5              |bgsub_fdiv_32ns_32ns_32_16              |        0|      0|  761|  994|
    |bgsub_fmul_32ns_32ns_32_4_max_dsp_U3       |bgsub_fmul_32ns_32ns_32_4_max_dsp       |        0|      3|  143|  321|
    |bgsub_fmul_32ns_32ns_32_4_max_dsp_U4       |bgsub_fmul_32ns_32ns_32_4_max_dsp       |        0|      3|  143|  321|
    |bgsub_fsqrt_32ns_32ns_32_12_U8             |bgsub_fsqrt_32ns_32ns_32_12             |        0|      0|  405|  615|
    |bgsub_sitofp_32ns_32_6_U6                  |bgsub_sitofp_32ns_32_6                  |        0|      0|  340|  554|
    +-------------------------------------------+----------------------------------------+---------+-------+-----+-----+
    |Total                                      |                                        |        0|     10| 2268| 3824|
    +-------------------------------------------+----------------------------------------+---------+-------+-----+-----+

    * DSP48: 
    N/A

    * Memory: 
    N/A

    * FIFO: 
    N/A

    * Expression: 
    +--------------------------+----------+-------+---+----+------------+------------+
    |       Variable Name      | Operation| DSP48E| FF| LUT| Bitwidth P0| Bitwidth P1|
    +--------------------------+----------+-------+---+----+------------+------------+
    |k1_fu_1426_p2             |     +    |      0|  0|   2|           2|           2|
    |kForeground_1_fu_1620_p2  |     +    |      0|  0|   2|           2|           1|
    |k_11_fu_1112_p2           |     +    |      0|  0|   2|           2|           1|
    |k_2_fu_1218_p2            |     +    |      0|  0|   2|           2|           1|
    |k_4_fu_955_p2             |     +    |      0|  0|   2|           2|           1|
    |k_8_fu_1601_p2            |     +    |      0|  0|  32|           1|          32|
    |mptr_1_sum_fu_1208_p2     |     +    |      0|  0|  12|          12|          12|
    |mptr_2_sum_fu_941_p2      |     +    |      0|  0|  12|          12|          12|
    |mptr_3_rec_fu_926_p2      |     +    |      0|  0|  12|          12|          10|
    |p_rec1_fu_1653_p2         |     +    |      0|  0|  10|          10|           2|
    |p_rec_fu_1176_p2          |     +    |      0|  0|  10|          10|           2|
    |sum1_fu_1228_p2           |     +    |      0|  0|  12|          12|          12|
    |sum2_fu_890_p2            |     +    |      0|  0|  11|          11|          11|
    |sum3_fu_965_p2            |     +    |      0|  0|  12|          12|          12|
    |sum4_fu_1122_p2           |     +    |      0|  0|  12|          12|          12|
    |sum5_fu_1442_p2           |     +    |      0|  0|  12|          12|          12|
    |sum8_fu_1591_p2           |     +    |      0|  0|  13|          13|          13|
    |sum9_fu_1630_p2           |     +    |      0|  0|  12|          12|          12|
    |sum_fu_916_p2             |     +    |      0|  0|  11|          11|          11|
    |x_2_fu_880_p2             |     +    |      0|  0|   9|           9|           1|
    |x_3_fu_906_p2             |     +    |      0|  0|   9|           9|           1|
    |y_1_fu_850_p2             |     +    |      0|  0|   3|           3|           1|
    |p_kForeground_fu_1716_p3  |  Select  |      0|  0|  32|           1|          32|
    |var_2_fu_1405_p3          |  Select  |      0|  0|  32|           1|          31|
    |ap_sig_bdd_496            |    and   |      0|  0|   1|           1|           1|
    |ap_sig_bdd_508            |    and   |      0|  0|   1|           1|           1|
    |or_cond_fu_1708_p2        |    and   |      0|  0|   1|           1|           1|
    |tmp_25_fu_1274_p2         |    and   |      0|  0|   1|           1|           1|
    |tmp_34_fu_1010_p2         |    and   |      0|  0|   1|           1|           1|
    |tmp_41_fu_1351_p2         |    and   |      0|  0|   1|           1|           1|
    |tmp_43_fu_1357_p2         |    and   |      0|  0|   1|           1|           1|
    |tmp_50_fu_1088_p2         |    and   |      0|  0|   1|           1|           1|
    |tmp_52_fu_1094_p2         |    and   |      0|  0|   1|           1|           1|
    |tmp_57_fu_1399_p2         |    and   |      0|  0|   1|           1|           1|
    |tmp_66_fu_1522_p2         |    and   |      0|  0|   1|           1|           1|
    |tmp_71_fu_1167_p2         |    and   |      0|  0|   1|           1|           1|
    |tmp_72_fu_1528_p2         |    and   |      0|  0|   1|           1|           1|
    |tmp_84_fu_1694_p2         |    and   |      0|  0|   1|           1|           1|
    |tmp_s_fu_838_p2           |    and   |      0|  0|   1|           1|           1|
    |exitcond1_fu_844_p2       |   icmp   |      0|  0|   2|           3|           4|
    |exitcond2_fu_900_p2       |   icmp   |      0|  0|   3|           9|           9|
    |exitcond3_fu_1614_p2      |   icmp   |      0|  0|   2|           2|           3|
    |exitcond4_fu_1581_p2      |   icmp   |      0|  0|  11|          32|           2|
    |exitcond_fu_874_p2        |   icmp   |      0|  0|   3|           9|           9|
    |notlhs10_fu_1504_p2       |   icmp   |      0|  0|   3|           8|           2|
    |notlhs11_fu_1676_p2       |   icmp   |      0|  0|   3|           8|           2|
    |notlhs1_fu_1256_p2        |   icmp   |      0|  0|   3|           8|           2|
    |notlhs2_fu_992_p2         |   icmp   |      0|  0|   3|           8|           2|
    |notlhs3_fu_1315_p2        |   icmp   |      0|  0|   3|           8|           2|
    |notlhs4_fu_1333_p2        |   icmp   |      0|  0|   3|           8|           2|
    |notlhs5_fu_1052_p2        |   icmp   |      0|  0|   3|           8|           2|
    |notlhs6_fu_1070_p2        |   icmp   |      0|  0|   3|           8|           2|
    |notlhs7_fu_1381_p2        |   icmp   |      0|  0|   3|           8|           2|
    |notlhs8_fu_1149_p2        |   icmp   |      0|  0|   3|           8|           2|
    |notlhs9_fu_1486_p2        |   icmp   |      0|  0|   3|           8|           2|
    |notlhs_fu_820_p2          |   icmp   |      0|  0|   3|           8|           2|
    |notrhs10_fu_1510_p2       |   icmp   |      0|  0|   8|          23|           1|
    |notrhs11_fu_1682_p2       |   icmp   |      0|  0|   8|          23|           1|
    |notrhs1_fu_1262_p2        |   icmp   |      0|  0|   8|          23|           1|
    |notrhs2_fu_998_p2         |   icmp   |      0|  0|   8|          23|           1|
    |notrhs3_fu_1321_p2        |   icmp   |      0|  0|   8|          23|           1|
    |notrhs4_fu_1339_p2        |   icmp   |      0|  0|   8|          23|           1|
    |notrhs5_fu_1058_p2        |   icmp   |      0|  0|   8|          23|           1|
    |notrhs6_fu_1076_p2        |   icmp   |      0|  0|   8|          23|           1|
    |notrhs7_fu_1387_p2        |   icmp   |      0|  0|   8|          23|           1|
    |notrhs8_fu_1492_p2        |   icmp   |      0|  0|   8|          23|           1|
    |notrhs9_fu_1155_p2        |   icmp   |      0|  0|   8|          23|           1|
    |notrhs_fu_826_p2          |   icmp   |      0|  0|   8|          23|           1|
    |slt1_fu_1182_p2           |   icmp   |      0|  0|   2|           3|           3|
    |slt_fu_1641_p2            |   icmp   |      0|  0|  11|          32|          32|
    |tmp_18_fu_1432_p2         |   icmp   |      0|  0|   1|           2|           1|
    |k_10_fu_1550_p2           |    or    |      0|  0|   1|           1|           1|
    |sum6_fu_1413_p2           |    or    |      0|  0|  14|          12|           1|
    |tmp_22_fu_1268_p2         |    or    |      0|  0|   1|           1|           1|
    |tmp_28_fu_1193_p2         |    or    |      0|  0|   1|           1|           1|
    |tmp_30_fu_1004_p2         |    or    |      0|  0|   1|           1|           1|
    |tmp_39_fu_1327_p2         |    or    |      0|  0|   1|           1|           1|
    |tmp_40_fu_1345_p2         |    or    |      0|  0|   1|           1|           1|
    |tmp_48_fu_1064_p2         |    or    |      0|  0|   1|           1|           1|
    |tmp_49_fu_1082_p2         |    or    |      0|  0|   1|           1|           1|
    |tmp_55_fu_1393_p2         |    or    |      0|  0|   1|           1|           1|
    |tmp_5_fu_832_p2           |    or    |      0|  0|   1|           1|           1|
    |tmp_64_fu_1498_p2         |    or    |      0|  0|   1|           1|           1|
    |tmp_65_fu_1516_p2         |    or    |      0|  0|   1|           1|           1|
    |tmp_69_fu_1161_p2         |    or    |      0|  0|   1|           1|           1|
    |tmp_82_fu_1688_p2         |    or    |      0|  0|   1|           1|           1|
    |rev1_fu_1187_p2           |    xor   |      0|  0|   2|           1|           2|
    |rev_fu_1646_p2            |    xor   |      0|  0|   2|           1|           2|
    +--------------------------+----------+-------+---+----+------------+------------+
    |Total                     |          |      0|  0| 492|         692|         370|
    +--------------------------+----------+-------+---+----+------------+------------+

    * Multiplexer: 
    +--------------------------+-----+-----------+-----+-----------+
    |           Name           | LUT | Input Size| Bits| Total Bits|
    +--------------------------+-----+-----------+-----+-----------+
    |ap_NS_fsm                 |  400|        159|    1|        159|
    |bgmodel_mean_address0     |   12|          6|   12|         72|
    |bgmodel_mean_address1     |   12|          3|   12|         36|
    |bgmodel_mean_d0           |   32|          3|   32|         96|
    |bgmodel_mean_d1           |   32|          3|   32|         96|
    |bgmodel_sortKey_address0  |   12|          5|   12|         60|
    |bgmodel_sortKey_address1  |   12|          5|   12|         60|
    |bgmodel_sortKey_d0        |   32|          3|   32|         96|
    |bgmodel_sortKey_d1        |   32|          4|   32|        128|
    |bgmodel_var_address0      |   12|          6|   12|         72|
    |bgmodel_var_address1      |   12|          3|   12|         36|
    |bgmodel_var_d0            |   32|          3|   32|         96|
    |bgmodel_var_d1            |   32|          3|   32|         96|
    |bgmodel_weight_address0   |   24|          8|   12|         96|
    |bgmodel_weight_address1   |   12|          6|   12|         72|
    |bgmodel_weight_d0         |   32|          3|   32|         96|
    |bgmodel_weight_d1         |   32|          4|   32|        128|
    |frame_in_address0         |   11|          3|   11|         33|
    |frame_out_address0        |   11|          3|   11|         33|
    |frame_out_d0              |    1|          3|    1|          3|
    |grp_fu_663_opcode         |    2|          3|    2|          6|
    |grp_fu_663_p0             |   96|         12|   32|        384|
    |grp_fu_663_p1             |   32|          6|   32|        192|
    |grp_fu_670_opcode         |    2|          3|    2|          6|
    |grp_fu_670_p0             |   32|          3|   32|         96|
    |grp_fu_670_p1             |   32|          3|   32|         96|
    |grp_fu_678_p0             |   32|          3|   32|         96|
    |grp_fu_678_p1             |   32|          4|   32|        128|
    |grp_fu_682_p0             |   32|          5|   32|        160|
    |grp_fu_682_p1             |   32|          4|   32|        128|
    |grp_fu_692_p0             |   32|          3|   32|         96|
    |grp_fu_692_p1             |   32|          3|   32|         96|
    |grp_fu_698_p0             |   32|          3|   32|         96|
    |grp_fu_701_opcode         |    5|          4|    5|         20|
    |grp_fu_701_p0             |   64|          9|   32|        288|
    |grp_fu_701_p1             |   32|          7|   32|        224|
    |grp_fu_714_p1             |    2|          3|    2|          6|
    |grp_fu_723_p1             |    2|          3|    2|          6|
    |kForeground1_reg_651      |   32|          2|   32|         64|
    |kForeground3_1_reg_503    |    3|          2|    3|          6|
    |kHit1_phi_fu_571_p8       |    2|          2|    2|          4|
    |kHit1_reg_567             |    2|          3|    2|          6|
    |kHit2_reg_467             |    2|          2|    2|          4|
    |kHit_1_reg_617            |    2|          2|    2|          4|
    |kHit_4_reg_455            |    2|          2|    2|          4|
    |kHit_reg_541              |    2|          2|    2|          4|
    |k_1_reg_586               |   32|          2|   32|         64|
    |k_5_reg_480               |    2|          2|    2|          4|
    |k_9_reg_628               |    2|          2|    2|          4|
    |k_reg_517                 |    2|          2|    2|          4|
    |mptr_0_rec_reg_386        |   12|          2|   12|         24|
    |mptr_1_rec_reg_432        |   10|          2|   10|         20|
    |mptr_2_rec_reg_409        |   10|          2|   10|         20|
    |reg_779                   |   32|          2|   32|         64|
    |wsum8_reg_491             |   32|          2|   32|         64|
    |wsum_1_phi_fu_555_p8      |   32|          2|   32|         64|
    |wsum_1_reg_552            |   32|          3|   32|         96|
    |wsum_2_reg_595            |   32|          2|   32|         64|
    |wsum_3_phi_fu_609_p4      |   32|          2|   32|         64|
    |wsum_3_reg_606            |   32|          2|   32|         64|
    |wsum_4_reg_639            |   32|          2|   32|         64|
    |wsum_reg_529              |   32|          2|   32|         64|
    |x_1_reg_421               |    9|          2|    9|         18|
    |x_reg_444                 |    9|          2|    9|         18|
    |y_reg_398                 |    3|          2|    3|          6|
    +--------------------------+-----+-----------+-----+-----------+
    |Total                     | 1738|        373| 1231|       4574|
    +--------------------------+-----+-----------+-----+-----------+

    * Register: 
    +---------------------------------+-----+----+-----+-----------+
    |               Name              |  FF | LUT| Bits| Const Bits|
    +---------------------------------+-----+----+-----+-----------+
    |ap_CS_fsm                        |  158|   0|  158|          0|
    |bgmodel_mean_addr_2_reg_2056     |   12|   0|   12|          0|
    |bgmodel_mean_addr_3_reg_2000     |   11|   0|   12|          1|
    |bgmodel_mean_addr_reg_1950       |   12|   0|   12|          0|
    |bgmodel_sortKey_addr_1_reg_2026  |   12|   0|   12|          0|
    |bgmodel_sortKey_addr_2_reg_1989  |   11|   0|   12|          1|
    |bgmodel_sortKey_addr_4_reg_2137  |   12|   0|   12|          0|
    |bgmodel_sortKey_load_2_reg_2039  |   32|   0|   32|          0|
    |bgmodel_var_addr_2_reg_2062      |   12|   0|   12|          0|
    |bgmodel_var_addr_3_reg_2005      |   11|   0|   12|          1|
    |bgmodel_var_addr_reg_1955        |   12|   0|   12|          0|
    |bgmodel_weight_addr_3_reg_2050   |   12|   0|   12|          0|
    |bgmodel_weight_addr_4_reg_1995   |   11|   0|   12|          1|
    |bgmodel_weight_addr_5_reg_2082   |   12|   0|   12|          0|
    |bgmodel_weight_addr_7_reg_2131   |   12|   0|   12|          0|
    |bgmodel_weight_addr_reg_1929     |   12|   0|   12|          0|
    |bgmodel_weight_load_reg_1822     |   32|   0|   32|          0|
    |k1_reg_2010                      |    2|   0|    2|          0|
    |kForeground1_reg_651             |   32|   0|   32|          0|
    |kForeground3_1_reg_503           |    3|   0|    3|          0|
    |kForeground_1_reg_2125           |    2|   0|    2|          0|
    |kHit1_reg_567                    |    2|   0|    2|          0|
    |kHit2_cast_reg_1845              |    3|   0|    3|          0|
    |kHit2_reg_467                    |    2|   0|    2|          0|
    |kHit_1_cast_reg_2117             |   32|   0|   32|          0|
    |kHit_1_reg_617                   |    2|   0|    2|          0|
    |kHit_4_reg_455                   |    2|   0|    2|          0|
    |kHit_reg_541                     |    2|   0|    2|          0|
    |k_10_reg_2077                    |    1|   0|    1|          0|
    |k_11_reg_1858                    |    2|   0|    2|          0|
    |k_1_reg_586                      |   32|   0|   32|          0|
    |k_2_reg_1917                     |    2|   0|    2|          0|
    |k_4_reg_1806                     |    2|   0|    2|          0|
    |k_5_reg_480                      |    2|   0|    2|          0|
    |k_8_reg_2097                     |   32|   0|   32|          0|
    |k_9_reg_628                      |    2|   0|    2|          0|
    |k_reg_517                        |    2|   0|    2|          0|
    |mptr_0_rec_reg_386               |   12|   0|   12|          0|
    |mptr_1_rec_reg_432               |   10|   0|   10|          0|
    |mptr_1_sum_cast_reg_1908         |   12|   0|   13|          1|
    |mptr_1_sum_reg_1899              |   12|   0|   12|          0|
    |mptr_2_rec_reg_409               |   10|   0|   10|          0|
    |mptr_2_sum_reg_1796              |   12|   0|   12|          0|
    |p_rec_reg_1889                   |   10|   0|   10|          0|
    |p_tmp_sortKey_reg_2032           |   32|   0|   32|          0|
    |reg_732                          |    8|   0|    8|          0|
    |reg_736                          |   32|   0|   32|          0|
    |reg_742                          |   32|   0|   32|          0|
    |reg_749                          |   32|   0|   32|          0|
    |reg_757                          |   32|   0|   32|          0|
    |reg_766                          |   32|   0|   32|          0|
    |reg_773                          |   32|   0|   32|          0|
    |reg_779                          |   32|   0|   32|          0|
    |reg_790                          |   32|   0|   32|          0|
    |reg_796                          |   32|   0|   32|          0|
    |sum1_cast_reg_1922               |   12|   0|   64|         52|
    |sum2_cast_reg_1758               |   11|   0|   64|         53|
    |sum3_cast_reg_1811               |   12|   0|   64|         52|
    |sum5_cast_reg_2019               |   12|   0|   64|         52|
    |sum_cast_reg_1776                |   11|   0|   64|         53|
    |tmp_11_reg_1963                  |   32|   0|   32|          0|
    |tmp_16_reg_1802                  |    1|   0|    1|          0|
    |tmp_18_reg_2015                  |    1|   0|    1|          0|
    |tmp_23_reg_1941                  |    1|   0|    1|          0|
    |tmp_25_reg_1946                  |    1|   0|    1|          0|
    |tmp_2_cast_reg_1744              |    4|   0|   11|          7|
    |tmp_52_reg_1841                  |    1|   0|    1|          0|
    |tmp_57_reg_1968                  |    1|   0|    1|          0|
    |tmp_58_reg_1850                  |    1|   0|    1|          0|
    |tmp_59_reg_1854                  |    1|   0|    1|          0|
    |tmp_72_reg_2046                  |    1|   0|    1|          0|
    |tmp_74_reg_2073                  |    1|   0|    1|          0|
    |tmp_79_reg_1884                  |    1|   0|    1|          0|
    |tmp_7_reg_1913                   |    1|   0|    1|          0|
    |tmp_84_reg_2160                  |    1|   0|    1|          0|
    |tmp_i_reg_1978                   |   32|   0|   32|          0|
    |tmp_s_reg_1732                   |    1|   0|    1|          0|
    |var_2_reg_1973                   |   32|   0|   32|          0|
    |wsum8_reg_491                    |   32|   0|   32|          0|
    |wsum_10_reg_2153                 |   32|   0|   32|          0|
    |wsum_1_reg_552                   |   32|   0|   32|          0|
    |wsum_2_reg_595                   |   32|   0|   32|          0|
    |wsum_3_reg_606                   |   32|   0|   32|          0|
    |wsum_4_reg_639                   |   32|   0|   32|          0|
    |wsum_5_reg_1934                  |   32|   0|   32|          0|
    |wsum_6_reg_1983                  |   32|   0|   32|          0|
    |wsum_7_reg_2107                  |   32|   0|   32|          0|
    |wsum_8_reg_1869                  |   32|   0|   32|          0|
    |wsum_reg_529                     |   32|   0|   32|          0|
    |x_1_reg_421                      |    9|   0|    9|          0|
    |x_2_reg_1753                     |    9|   0|    9|          0|
    |x_3_reg_1771                     |    9|   0|    9|          0|
    |x_reg_444                        |    9|   0|    9|          0|
    |y_1_reg_1739                     |    3|   0|    3|          0|
    |y_reg_398                        |    3|   0|    3|          0|
    +---------------------------------+-----+----+-----+-----------+
    |Total                            | 1519|   0| 1793|        274|
    +---------------------------------+-----+----+-----+-----------+



================================================================
== Interface
================================================================
* Summary: 
+--------------------------+-----+-----+------------+-----------------+--------------+
|         RTL Ports        | Dir | Bits|  Protocol  |  Source Object  |    C Type    |
+--------------------------+-----+-----+------------+-----------------+--------------+
|ap_clk                    |  in |    1| ap_ctrl_hs |  bgsub_process  | return value |
|ap_rst                    |  in |    1| ap_ctrl_hs |  bgsub_process  | return value |
|ap_start                  |  in |    1| ap_ctrl_hs |  bgsub_process  | return value |
|ap_done                   | out |    1| ap_ctrl_hs |  bgsub_process  | return value |
|ap_idle                   | out |    1| ap_ctrl_hs |  bgsub_process  | return value |
|ap_ready                  | out |    1| ap_ctrl_hs |  bgsub_process  | return value |
|frame_in_address0         | out |   11|  ap_memory |     frame_in    |     array    |
|frame_in_ce0              | out |    1|  ap_memory |     frame_in    |     array    |
|frame_in_q0               |  in |    8|  ap_memory |     frame_in    |     array    |
|frame_out_address0        | out |   11|  ap_memory |    frame_out    |     array    |
|frame_out_ce0             | out |    1|  ap_memory |    frame_out    |     array    |
|frame_out_we0             | out |    1|  ap_memory |    frame_out    |     array    |
|frame_out_d0              | out |    1|  ap_memory |    frame_out    |     array    |
|bgmodel_sortKey_address0  | out |   12|  ap_memory | bgmodel_sortKey |     array    |
|bgmodel_sortKey_ce0       | out |    1|  ap_memory | bgmodel_sortKey |     array    |
|bgmodel_sortKey_we0       | out |    1|  ap_memory | bgmodel_sortKey |     array    |
|bgmodel_sortKey_d0        | out |   32|  ap_memory | bgmodel_sortKey |     array    |
|bgmodel_sortKey_q0        |  in |   32|  ap_memory | bgmodel_sortKey |     array    |
|bgmodel_sortKey_address1  | out |   12|  ap_memory | bgmodel_sortKey |     array    |
|bgmodel_sortKey_ce1       | out |    1|  ap_memory | bgmodel_sortKey |     array    |
|bgmodel_sortKey_we1       | out |    1|  ap_memory | bgmodel_sortKey |     array    |
|bgmodel_sortKey_d1        | out |   32|  ap_memory | bgmodel_sortKey |     array    |
|bgmodel_sortKey_q1        |  in |   32|  ap_memory | bgmodel_sortKey |     array    |
|bgmodel_weight_address0   | out |   12|  ap_memory |  bgmodel_weight |     array    |
|bgmodel_weight_ce0        | out |    1|  ap_memory |  bgmodel_weight |     array    |
|bgmodel_weight_we0        | out |    1|  ap_memory |  bgmodel_weight |     array    |
|bgmodel_weight_d0         | out |   32|  ap_memory |  bgmodel_weight |     array    |
|bgmodel_weight_q0         |  in |   32|  ap_memory |  bgmodel_weight |     array    |
|bgmodel_weight_address1   | out |   12|  ap_memory |  bgmodel_weight |     array    |
|bgmodel_weight_ce1        | out |    1|  ap_memory |  bgmodel_weight |     array    |
|bgmodel_weight_we1        | out |    1|  ap_memory |  bgmodel_weight |     array    |
|bgmodel_weight_d1         | out |   32|  ap_memory |  bgmodel_weight |     array    |
|bgmodel_weight_q1         |  in |   32|  ap_memory |  bgmodel_weight |     array    |
|bgmodel_mean_address0     | out |   12|  ap_memory |   bgmodel_mean  |     array    |
|bgmodel_mean_ce0          | out |    1|  ap_memory |   bgmodel_mean  |     array    |
|bgmodel_mean_we0          | out |    1|  ap_memory |   bgmodel_mean  |     array    |
|bgmodel_mean_d0           | out |   32|  ap_memory |   bgmodel_mean  |     array    |
|bgmodel_mean_q0           |  in |   32|  ap_memory |   bgmodel_mean  |     array    |
|bgmodel_mean_address1     | out |   12|  ap_memory |   bgmodel_mean  |     array    |
|bgmodel_mean_ce1          | out |    1|  ap_memory |   bgmodel_mean  |     array    |
|bgmodel_mean_we1          | out |    1|  ap_memory |   bgmodel_mean  |     array    |
|bgmodel_mean_d1           | out |   32|  ap_memory |   bgmodel_mean  |     array    |
|bgmodel_mean_q1           |  in |   32|  ap_memory |   bgmodel_mean  |     array    |
|bgmodel_var_address0      | out |   12|  ap_memory |   bgmodel_var   |     array    |
|bgmodel_var_ce0           | out |    1|  ap_memory |   bgmodel_var   |     array    |
|bgmodel_var_we0           | out |    1|  ap_memory |   bgmodel_var   |     array    |
|bgmodel_var_d0            | out |   32|  ap_memory |   bgmodel_var   |     array    |
|bgmodel_var_q0            |  in |   32|  ap_memory |   bgmodel_var   |     array    |
|bgmodel_var_address1      | out |   12|  ap_memory |   bgmodel_var   |     array    |
|bgmodel_var_ce1           | out |    1|  ap_memory |   bgmodel_var   |     array    |
|bgmodel_var_we1           | out |    1|  ap_memory |   bgmodel_var   |     array    |
|bgmodel_var_d1            | out |   32|  ap_memory |   bgmodel_var   |     array    |
|bgmodel_var_q1            |  in |   32|  ap_memory |   bgmodel_var   |     array    |
|learningRate              |  in |   32|   ap_none  |   learningRate  |    scalar    |
+--------------------------+-----+-----+------------+-----------------+--------------+

