

================================================================
== Vivado HLS Report for 'bgsub_Block_proc'
================================================================
* Date:           Fri Jan 12 01:16:08 2018

* Version:        2015.4 (Build 1412921 on Wed Nov 18 09:58:55 AM 2015)
* Project:        backsub_gmm_new_180110
* Solution:       solution1
* Product family: zynq
* Target device:  xc7z020clg484-1


================================================================
== Performance Estimates
================================================================
+ Timing (ns): 
    * Summary: 
    +--------+-------+----------+------------+
    |  Clock | Target| Estimated| Uncertainty|
    +--------+-------+----------+------------+
    |ap_clk  |  10.00|      9.58|        1.25|
    +--------+-------+----------+------------+

+ Latency (clock cycles): 
    * Summary: 
    +---------+---------+---------+---------+---------+
    |      Latency      |      Interval     | Pipeline|
    |   min   |   max   |   min   |   max   |   Type  |
    +---------+---------+---------+---------+---------+
    |  2078002|  6481206|  2078002|  6481206|   none  |
    +---------+---------+---------+---------+---------+

    + Detail: 
        * Instance: 
        +--------------------------+---------------+-------+--------+-------+--------+---------+
        |                          |               |     Latency    |    Interval    | Pipeline|
        |         Instance         |     Module    |  min  |   max  |  min  |   max  |   Type  |
        +--------------------------+---------------+-------+--------+-------+--------+---------+
        |grp_bgsub_process_fu_580  |bgsub_process  |  17286|  112006|  17286|  112006|   none  |
        |grp_bgsub_process_fu_589  |bgsub_process  |  17286|  112006|  17286|  112006|   none  |
        |grp_bgsub_process_fu_598  |bgsub_process  |  17286|  112006|  17286|  112006|   none  |
        +--------------------------+---------------+-------+--------+-------+--------+---------+

        * Loop: 
        +-------------------------------------+---------+---------+----------------+-----------+-----------+--------+----------+
        |                                     |      Latency      |    Iteration   |  Initiation Interval  |  Trip  |          |
        |              Loop Name              |   min   |   max   |     Latency    |  achieved |   target  |  Count | Pipelined|
        +-------------------------------------+---------+---------+----------------+-----------+-----------+--------+----------+
        |- Loop 1                             |   614400|   614400|               1|          -|          -|  614400|    no    |
        |- Loop 2                             |  2078000|  5866800| 51950 ~ 146670 |          -|          -|      40|    no    |
        | + memcpy..frame_in                  |      641|      641|               3|          1|          1|     640|    yes   |
        | + memcpy.part_bgmodel.bgmodel       |     5121|     5121|               3|          1|          1|    5120|    yes   |
        | + memcpy..frame_in                  |      641|      641|               3|          1|          1|     640|    yes   |
        | + memcpy.part2_bgmodel.bgmodel      |     5121|     5121|               3|          1|          1|    5120|    yes   |
        | + memcpy..frame_in                  |      641|      641|               3|          1|          1|     640|    yes   |
        | + memcpy.part3_bgmodel.bgmodel      |     5121|     5121|               3|          1|          1|    5120|    yes   |
        | + memcpy.bgmodel.part_bgmodel.gep   |     5121|     5121|               3|          1|          1|    5120|    yes   |
        | + memcpy.frame_out.                 |      641|      641|               3|          1|          1|     640|    yes   |
        | + memcpy.bgmodel.part2_bgmodel.gep  |     5121|     5121|               3|          1|          1|    5120|    yes   |
        | + memcpy.frame_out.                 |      641|      641|               3|          1|          1|     640|    yes   |
        | + memcpy.bgmodel.part3_bgmodel.gep  |     5121|     5121|               3|          1|          1|    5120|    yes   |
        | + memcpy.frame_out.                 |      641|      641|               3|          1|          1|     640|    yes   |
        +-------------------------------------+---------+---------+----------------+-----------+-----------+--------+----------+



================================================================
== Utilization Estimates
================================================================
* Summary: 
+-----------------+---------+-------+--------+-------+
|       Name      | BRAM_18K| DSP48E|   FF   |  LUT  |
+-----------------+---------+-------+--------+-------+
|DSP              |        -|      -|       -|      -|
|Expression       |        -|      -|       0|    657|
|FIFO             |        -|      -|       -|      -|
|Instance         |        -|     30|   11115|  17661|
|Memory           |       51|      -|       6|     30|
|Multiplexer      |        -|      -|       -|    892|
|Register         |        -|      -|    1169|      -|
+-----------------+---------+-------+--------+-------+
|Total            |       51|     30|   12290|  19240|
+-----------------+---------+-------+--------+-------+
|Available        |      280|    220|  106400|  53200|
+-----------------+---------+-------+--------+-------+
|Utilization (%)  |       18|     13|      11|     36|
+-----------------+---------+-------+--------+-------+

+ Detail: 
    * Instance: 
    +--------------------------+---------------+---------+-------+------+------+
    |         Instance         |     Module    | BRAM_18K| DSP48E|  FF  |  LUT |
    +--------------------------+---------------+---------+-------+------+------+
    |grp_bgsub_process_fu_580  |bgsub_process  |        0|     10|  3705|  5887|
    |grp_bgsub_process_fu_589  |bgsub_process  |        0|     10|  3705|  5887|
    |grp_bgsub_process_fu_598  |bgsub_process  |        0|     10|  3705|  5887|
    +--------------------------+---------------+---------+-------+------+------+
    |Total                     |               |        0|     30| 11115| 17661|
    +--------------------------+---------------+---------+-------+------+------+

    * DSP48: 
    N/A

    * Memory: 
    +-------------------+---------------------------------+---------+---+----+------+-----+------+-------------+
    |       Memory      |              Module             | BRAM_18K| FF| LUT| Words| Bits| Banks| W*Bits*Banks|
    +-------------------+---------------------------------+---------+---+----+------+-----+------+-------------+
    |part_bgmodel_U     |bgsub_Block_proc_part_bgmodel    |       16|  0|   0|  5120|   32|     1|       163840|
    |part2_bgmodel_U    |bgsub_Block_proc_part_bgmodel    |       16|  0|   0|  5120|   32|     1|       163840|
    |part3_bgmodel_U    |bgsub_Block_proc_part_bgmodel    |       16|  0|   0|  5120|   32|     1|       163840|
    |part_frame_in_U    |bgsub_Block_proc_part_frame_in   |        1|  0|   0|   640|    8|     1|         5120|
    |part2_frame_in_U   |bgsub_Block_proc_part_frame_in   |        1|  0|   0|   640|    8|     1|         5120|
    |part3_frame_in_U   |bgsub_Block_proc_part_frame_in   |        1|  0|   0|   640|    8|     1|         5120|
    |part_frame_out_U   |bgsub_Block_proc_part_frame_out  |        0|  2|  10|   640|    1|     1|          640|
    |part2_frame_out_U  |bgsub_Block_proc_part_frame_out  |        0|  2|  10|   640|    1|     1|          640|
    |part3_frame_out_U  |bgsub_Block_proc_part_frame_out  |        0|  2|  10|   640|    1|     1|          640|
    +-------------------+---------------------------------+---------+---+----+------+-----+------+-------------+
    |Total              |                                 |       51|  6|  30| 19200|  123|     9|       508800|
    +-------------------+---------------------------------+---------+---+----+------+-----+------+-------------+

    * FIFO: 
    N/A

    * Expression: 
    +--------------------------+----------+-------+---+----+------------+------------+
    |       Variable Name      | Operation| DSP48E| FF| LUT| Bitwidth P0| Bitwidth P1|
    +--------------------------+----------+-------+---+----+------------+------------+
    |indvar_next10_fu_1086_p2  |     +    |      0|  0|  13|          13|           1|
    |indvar_next11_fu_1117_p2  |     +    |      0|  0|  10|          10|           1|
    |indvar_next1_fu_793_p2    |     +    |      0|  0|  13|          13|           1|
    |indvar_next2_fu_834_p2    |     +    |      0|  0|  10|          10|           1|
    |indvar_next3_fu_875_p2    |     +    |      0|  0|  13|          13|           1|
    |indvar_next4_fu_916_p2    |     +    |      0|  0|  10|          10|           1|
    |indvar_next5_fu_957_p2    |     +    |      0|  0|  13|          13|           1|
    |indvar_next6_fu_974_p2    |     +    |      0|  0|  13|          13|           1|
    |indvar_next7_fu_1005_p2   |     +    |      0|  0|  10|          10|           1|
    |indvar_next8_fu_1030_p2   |     +    |      0|  0|  13|          13|           1|
    |indvar_next9_fu_1061_p2   |     +    |      0|  0|  10|          10|           1|
    |indvar_next_fu_727_p2     |     +    |      0|  0|  10|          10|           1|
    |p_1_fu_660_p2             |     +    |      0|  0|  20|          20|           1|
    |part_1_fu_1136_p2         |     +    |      0|  0|   7|           7|           2|
    |tmp_116_fu_706_p2         |     +    |      0|  0|  33|          33|          33|
    |tmp_119_fu_772_p2         |     +    |      0|  0|  31|          31|          31|
    |tmp_122_fu_813_p2         |     +    |      0|  0|  33|          33|          33|
    |tmp_125_fu_854_p2         |     +    |      0|  0|  31|          31|          31|
    |tmp_128_fu_895_p2         |     +    |      0|  0|  33|          33|          33|
    |tmp_131_fu_936_p2         |     +    |      0|  0|  31|          31|          31|
    |tmp_133_fu_985_p2         |     +    |      0|  0|  33|          33|          33|
    |tmp_135_fu_1041_p2        |     +    |      0|  0|  33|          33|          33|
    |tmp_137_fu_1097_p2        |     +    |      0|  0|  33|          33|          33|
    |tmp_55_fu_696_p2          |     +    |      0|  0|  17|          17|          17|
    |tmp_56_fu_762_p2          |     +    |      0|  0|  20|          20|          20|
    |tmp_59_fu_804_p2          |     +    |      0|  0|  17|          17|          10|
    |tmp_62_fu_845_p2          |     +    |      0|  0|  20|          20|          13|
    |tmp_65_fu_886_p2          |     +    |      0|  0|  17|          17|          11|
    |tmp_68_fu_927_p2          |     +    |      0|  0|  20|          20|          14|
    |extLd1_fu_1072_p3         |  Select  |      0|  0|   2|           1|           2|
    |extLd2_fu_1128_p3         |  Select  |      0|  0|   2|           1|           2|
    |extLd_fu_1016_p3          |  Select  |      0|  0|   2|           1|           2|
    |ap_sig_bdd_1174           |    and   |      0|  0|   1|           1|           1|
    |ap_sig_bdd_1282           |    and   |      0|  0|   1|           1|           1|
    |ap_sig_bdd_1293           |    and   |      0|  0|   1|           1|           1|
    |ap_sig_bdd_1317           |    and   |      0|  0|   1|           1|           1|
    |ap_sig_bdd_1323           |    and   |      0|  0|   1|           1|           1|
    |ap_sig_bdd_1332           |    and   |      0|  0|   1|           1|           1|
    |ap_sig_bdd_1339           |    and   |      0|  0|   1|           1|           1|
    |ap_sig_bdd_1348           |    and   |      0|  0|   1|           1|           1|
    |ap_sig_bdd_1355           |    and   |      0|  0|   1|           1|           1|
    |ap_sig_bdd_1418           |    and   |      0|  0|   1|           1|           1|
    |ap_sig_bdd_1431           |    and   |      0|  0|   1|           1|           1|
    |ap_sig_bdd_1446           |    and   |      0|  0|   1|           1|           1|
    |ap_sig_bdd_2104           |    and   |      0|  0|   1|           1|           1|
    |ap_sig_bdd_247            |    and   |      0|  0|   1|           1|           1|
    |ap_sig_bdd_271            |    and   |      0|  0|   1|           1|           1|
    |ap_sig_bdd_294            |    and   |      0|  0|   1|           1|           1|
    |ap_sig_bdd_317            |    and   |      0|  0|   1|           1|           1|
    |ap_sig_bdd_340            |    and   |      0|  0|   1|           1|           1|
    |ap_sig_bdd_363            |    and   |      0|  0|   1|           1|           1|
    |exitcond10_fu_1055_p2     |   icmp   |      0|  0|   4|          10|          10|
    |exitcond11_fu_1080_p2     |   icmp   |      0|  0|   5|          13|          13|
    |exitcond12_fu_1111_p2     |   icmp   |      0|  0|   4|          10|          10|
    |exitcond1_fu_721_p2       |   icmp   |      0|  0|   4|          10|          10|
    |exitcond2_fu_999_p2       |   icmp   |      0|  0|   4|          10|          10|
    |exitcond3_fu_1024_p2      |   icmp   |      0|  0|   5|          13|          13|
    |exitcond4_fu_787_p2       |   icmp   |      0|  0|   5|          13|          13|
    |exitcond5_fu_828_p2       |   icmp   |      0|  0|   4|          10|          10|
    |exitcond6_fu_869_p2       |   icmp   |      0|  0|   5|          13|          13|
    |exitcond7_fu_910_p2       |   icmp   |      0|  0|   4|          10|          10|
    |exitcond8_fu_951_p2       |   icmp   |      0|  0|   5|          13|          13|
    |exitcond9_fu_968_p2       |   icmp   |      0|  0|   5|          13|          13|
    |exitcond_fu_654_p2        |   icmp   |      0|  0|   7|          20|          20|
    |tmp_54_fu_666_p2          |   icmp   |      0|  0|   3|           7|           5|
    |ap_sig_bdd_414            |    or    |      0|  0|   1|           1|           1|
    +--------------------------+----------+-------+---+----+------------+------------+
    |Total                     |          |      0|  0| 657|         755|         580|
    +--------------------------+----------+-------+---+----+------------+------------+

    * Multiplexer: 
    +----------------------------------------+-----+-----------+-----+-----------+
    |                  Name                  | LUT | Input Size| Bits| Total Bits|
    +----------------------------------------+-----+-----------+-----+-----------+
    |ap_NS_fsm                               |  217|         99|    1|         99|
    |ap_reg_ppiten_pp0_it2                   |    1|          2|    1|          2|
    |ap_reg_ppiten_pp10_it2                  |    1|          2|    1|          2|
    |ap_reg_ppiten_pp11_it2                  |    1|          2|    1|          2|
    |ap_reg_ppiten_pp1_it2                   |    1|          2|    1|          2|
    |ap_reg_ppiten_pp2_it2                   |    1|          2|    1|          2|
    |ap_reg_ppiten_pp3_it2                   |    1|          2|    1|          2|
    |ap_reg_ppiten_pp4_it2                   |    1|          2|    1|          2|
    |ap_reg_ppiten_pp5_it2                   |    1|          2|    1|          2|
    |ap_reg_ppiten_pp6_it2                   |    1|          2|    1|          2|
    |ap_reg_ppiten_pp7_it2                   |    1|          2|    1|          2|
    |ap_reg_ppiten_pp8_it2                   |    1|          2|    1|          2|
    |ap_reg_ppiten_pp9_it2                   |    1|          2|    1|          2|
    |ap_sig_ioackin_m_axi_bgmodel_ARREADY    |    1|          2|    1|          2|
    |ap_sig_ioackin_m_axi_bgmodel_AWREADY    |    1|          2|    1|          2|
    |ap_sig_ioackin_m_axi_bgmodel_WREADY     |    1|          2|    1|          2|
    |ap_sig_ioackin_m_axi_frame_out_ARREADY  |    1|          2|    1|          2|
    |ap_sig_ioackin_m_axi_frame_out_AWREADY  |    1|          2|    1|          2|
    |ap_sig_ioackin_m_axi_frame_out_WREADY   |    1|          2|    1|          2|
    |indvar10_reg_558                        |   13|          2|   13|         26|
    |indvar11_reg_569                        |   10|          2|   10|         20|
    |indvar1_phi_fu_470_p4                   |   10|          2|   10|         20|
    |indvar1_reg_466                         |   10|          2|   10|         20|
    |indvar2_phi_fu_482_p4                   |   13|          2|   13|         26|
    |indvar2_reg_478                         |   13|          2|   13|         26|
    |indvar3_phi_fu_494_p4                   |   10|          2|   10|         20|
    |indvar3_reg_490                         |   10|          2|   10|         20|
    |indvar4_phi_fu_506_p4                   |   13|          2|   13|         26|
    |indvar4_reg_502                         |   13|          2|   13|         26|
    |indvar5_reg_514                         |   13|          2|   13|         26|
    |indvar6_reg_525                         |   10|          2|   10|         20|
    |indvar7_reg_536                         |   13|          2|   13|         26|
    |indvar8_reg_547                         |   10|          2|   10|         20|
    |indvar9_phi_fu_458_p4                   |   13|          2|   13|         26|
    |indvar9_reg_454                         |   13|          2|   13|         26|
    |indvar_phi_fu_446_p4                    |   10|          2|   10|         20|
    |indvar_reg_442                          |   10|          2|   10|         20|
    |learningRate_reg_417                    |    7|          2|    7|         14|
    |m_axi_bgmodel_ARADDR                    |   32|          4|   32|        128|
    |m_axi_bgmodel_AWADDR                    |   32|          5|   32|        160|
    |m_axi_bgmodel_AWLEN                     |   32|          3|   32|         96|
    |m_axi_bgmodel_WDATA                     |   32|          5|   32|        160|
    |m_axi_frame_out_ARADDR                  |   32|          4|   32|        128|
    |m_axi_frame_out_AWADDR                  |   32|          4|   32|        128|
    |m_axi_frame_out_WDATA                   |    8|          4|    8|         32|
    |p_reg_406                               |   20|          2|   20|         40|
    |part2_bgmodel_address0                  |   13|          4|   13|         52|
    |part2_bgmodel_ce0                       |    1|          3|    1|          3|
    |part2_bgmodel_ce1                       |    1|          2|    1|          2|
    |part2_bgmodel_d0                        |   32|          3|   32|         96|
    |part2_bgmodel_we0                       |    1|          3|    1|          3|
    |part2_bgmodel_we1                       |    1|          2|    1|          2|
    |part2_frame_in_address0                 |   10|          3|   10|         30|
    |part2_frame_in_ce0                      |    1|          3|    1|          3|
    |part2_frame_out_address0                |   10|          3|   10|         30|
    |part2_frame_out_ce0                     |    1|          3|    1|          3|
    |part2_frame_out_we0                     |    1|          2|    1|          2|
    |part3_bgmodel_address0                  |   13|          4|   13|         52|
    |part3_bgmodel_ce0                       |    1|          3|    1|          3|
    |part3_bgmodel_ce1                       |    1|          2|    1|          2|
    |part3_bgmodel_d0                        |   32|          3|   32|         96|
    |part3_bgmodel_we0                       |    1|          3|    1|          3|
    |part3_bgmodel_we1                       |    1|          2|    1|          2|
    |part3_frame_in_address0                 |   10|          3|   10|         30|
    |part3_frame_in_ce0                      |    1|          3|    1|          3|
    |part3_frame_out_address0                |   10|          3|   10|         30|
    |part3_frame_out_ce0                     |    1|          3|    1|          3|
    |part3_frame_out_we0                     |    1|          2|    1|          2|
    |part_bgmodel_address0                   |   13|          4|   13|         52|
    |part_bgmodel_ce0                        |    1|          3|    1|          3|
    |part_bgmodel_ce1                        |    1|          2|    1|          2|
    |part_bgmodel_d0                         |   32|          3|   32|         96|
    |part_bgmodel_we0                        |    1|          3|    1|          3|
    |part_bgmodel_we1                        |    1|          2|    1|          2|
    |part_frame_in_address0                  |   10|          3|   10|         30|
    |part_frame_in_ce0                       |    1|          3|    1|          3|
    |part_frame_out_address0                 |   10|          3|   10|         30|
    |part_frame_out_ce0                      |    1|          3|    1|          3|
    |part_frame_out_we0                      |    1|          2|    1|          2|
    |part_reg_430                            |    7|          2|    7|         14|
    +----------------------------------------+-----+-----------+-----+-----------+
    |Total                                   |  892|        299|  676|       2127|
    +----------------------------------------+-----+-----------+-----+-----------+

    * Register: 
    +------------------------------------------------+----+----+-----+-----------+
    |                      Name                      | FF | LUT| Bits| Const Bits|
    +------------------------------------------------+----+----+-----+-----------+
    |ap_CS_fsm                                       |  98|   0|   98|          0|
    |ap_done_reg                                     |   1|   0|    1|          0|
    |ap_reg_ioackin_m_axi_bgmodel_ARREADY            |   1|   0|    1|          0|
    |ap_reg_ioackin_m_axi_bgmodel_AWREADY            |   1|   0|    1|          0|
    |ap_reg_ioackin_m_axi_bgmodel_WREADY             |   1|   0|    1|          0|
    |ap_reg_ioackin_m_axi_frame_out_ARREADY          |   1|   0|    1|          0|
    |ap_reg_ioackin_m_axi_frame_out_AWREADY          |   1|   0|    1|          0|
    |ap_reg_ioackin_m_axi_frame_out_WREADY           |   1|   0|    1|          0|
    |ap_reg_ppiten_pp0_it0                           |   1|   0|    1|          0|
    |ap_reg_ppiten_pp0_it1                           |   1|   0|    1|          0|
    |ap_reg_ppiten_pp0_it2                           |   1|   0|    1|          0|
    |ap_reg_ppiten_pp10_it0                          |   1|   0|    1|          0|
    |ap_reg_ppiten_pp10_it1                          |   1|   0|    1|          0|
    |ap_reg_ppiten_pp10_it2                          |   1|   0|    1|          0|
    |ap_reg_ppiten_pp11_it0                          |   1|   0|    1|          0|
    |ap_reg_ppiten_pp11_it1                          |   1|   0|    1|          0|
    |ap_reg_ppiten_pp11_it2                          |   1|   0|    1|          0|
    |ap_reg_ppiten_pp1_it0                           |   1|   0|    1|          0|
    |ap_reg_ppiten_pp1_it1                           |   1|   0|    1|          0|
    |ap_reg_ppiten_pp1_it2                           |   1|   0|    1|          0|
    |ap_reg_ppiten_pp2_it0                           |   1|   0|    1|          0|
    |ap_reg_ppiten_pp2_it1                           |   1|   0|    1|          0|
    |ap_reg_ppiten_pp2_it2                           |   1|   0|    1|          0|
    |ap_reg_ppiten_pp3_it0                           |   1|   0|    1|          0|
    |ap_reg_ppiten_pp3_it1                           |   1|   0|    1|          0|
    |ap_reg_ppiten_pp3_it2                           |   1|   0|    1|          0|
    |ap_reg_ppiten_pp4_it0                           |   1|   0|    1|          0|
    |ap_reg_ppiten_pp4_it1                           |   1|   0|    1|          0|
    |ap_reg_ppiten_pp4_it2                           |   1|   0|    1|          0|
    |ap_reg_ppiten_pp5_it0                           |   1|   0|    1|          0|
    |ap_reg_ppiten_pp5_it1                           |   1|   0|    1|          0|
    |ap_reg_ppiten_pp5_it2                           |   1|   0|    1|          0|
    |ap_reg_ppiten_pp6_it0                           |   1|   0|    1|          0|
    |ap_reg_ppiten_pp6_it1                           |   1|   0|    1|          0|
    |ap_reg_ppiten_pp6_it2                           |   1|   0|    1|          0|
    |ap_reg_ppiten_pp7_it0                           |   1|   0|    1|          0|
    |ap_reg_ppiten_pp7_it1                           |   1|   0|    1|          0|
    |ap_reg_ppiten_pp7_it2                           |   1|   0|    1|          0|
    |ap_reg_ppiten_pp8_it0                           |   1|   0|    1|          0|
    |ap_reg_ppiten_pp8_it1                           |   1|   0|    1|          0|
    |ap_reg_ppiten_pp8_it2                           |   1|   0|    1|          0|
    |ap_reg_ppiten_pp9_it0                           |   1|   0|    1|          0|
    |ap_reg_ppiten_pp9_it1                           |   1|   0|    1|          0|
    |ap_reg_ppiten_pp9_it2                           |   1|   0|    1|          0|
    |ap_reg_ppstg_exitcond10_reg_1382_pp9_it1        |   1|   0|    1|          0|
    |ap_reg_ppstg_exitcond11_reg_1401_pp10_it1       |   1|   0|    1|          0|
    |ap_reg_ppstg_exitcond12_reg_1425_pp11_it1       |   1|   0|    1|          0|
    |ap_reg_ppstg_exitcond1_reg_1200_pp0_it1         |   1|   0|    1|          0|
    |ap_reg_ppstg_exitcond2_reg_1339_pp7_it1         |   1|   0|    1|          0|
    |ap_reg_ppstg_exitcond3_reg_1358_pp8_it1         |   1|   0|    1|          0|
    |ap_reg_ppstg_exitcond4_reg_1226_pp1_it1         |   1|   0|    1|          0|
    |ap_reg_ppstg_exitcond5_reg_1246_pp2_it1         |   1|   0|    1|          0|
    |ap_reg_ppstg_exitcond6_reg_1266_pp3_it1         |   1|   0|    1|          0|
    |ap_reg_ppstg_exitcond7_reg_1286_pp4_it1         |   1|   0|    1|          0|
    |ap_reg_ppstg_exitcond8_reg_1306_pp5_it1         |   1|   0|    1|          0|
    |ap_reg_ppstg_exitcond9_reg_1315_pp6_it1         |   1|   0|    1|          0|
    |ap_reg_ppstg_indvar1_reg_466_pp2_it1            |  10|   0|   10|          0|
    |ap_reg_ppstg_indvar2_reg_478_pp3_it1            |  13|   0|   13|          0|
    |ap_reg_ppstg_indvar3_reg_490_pp4_it1            |  10|   0|   10|          0|
    |ap_reg_ppstg_indvar4_reg_502_pp5_it1            |  13|   0|   13|          0|
    |ap_reg_ppstg_indvar9_reg_454_pp1_it1            |  13|   0|   13|          0|
    |ap_reg_ppstg_indvar_reg_442_pp0_it1             |  10|   0|   10|          0|
    |bgmodel_addr_17_reg_1220                        |  31|   0|   32|          1|
    |bgmodel_addr_18_reg_1260                        |  31|   0|   32|          1|
    |bgmodel_addr_19_reg_1300                        |  31|   0|   32|          1|
    |exitcond10_reg_1382                             |   1|   0|    1|          0|
    |exitcond11_reg_1401                             |   1|   0|    1|          0|
    |exitcond12_reg_1425                             |   1|   0|    1|          0|
    |exitcond1_reg_1200                              |   1|   0|    1|          0|
    |exitcond2_reg_1339                              |   1|   0|    1|          0|
    |exitcond3_reg_1358                              |   1|   0|    1|          0|
    |exitcond4_reg_1226                              |   1|   0|    1|          0|
    |exitcond5_reg_1246                              |   1|   0|    1|          0|
    |exitcond6_reg_1266                              |   1|   0|    1|          0|
    |exitcond7_reg_1286                              |   1|   0|    1|          0|
    |exitcond8_reg_1306                              |   1|   0|    1|          0|
    |exitcond9_reg_1315                              |   1|   0|    1|          0|
    |extLd1_reg_1396                                 |   8|   0|    8|          0|
    |extLd2_reg_1439                                 |   8|   0|    8|          0|
    |extLd_reg_1353                                  |   8|   0|    8|          0|
    |frame_out_addr_2_reg_1240                       |  32|   0|   32|          0|
    |frame_out_addr_3_reg_1280                       |  32|   0|   32|          0|
    |frame_out_addr_4_reg_1334                       |  32|   0|   32|          0|
    |frame_out_addr_5_reg_1377                       |  32|   0|   32|          0|
    |frame_out_addr_6_reg_1420                       |  32|   0|   32|          0|
    |frame_out_addr_reg_1194                         |  32|   0|   32|          0|
    |grp_bgsub_process_fu_580_ap_start_ap_start_reg  |   1|   0|    1|          0|
    |grp_bgsub_process_fu_589_ap_start_ap_start_reg  |   1|   0|    1|          0|
    |grp_bgsub_process_fu_598_ap_start_ap_start_reg  |   1|   0|    1|          0|
    |indvar10_reg_558                                |  13|   0|   13|          0|
    |indvar11_reg_569                                |  10|   0|   10|          0|
    |indvar1_reg_466                                 |  10|   0|   10|          0|
    |indvar2_reg_478                                 |  13|   0|   13|          0|
    |indvar3_reg_490                                 |  10|   0|   10|          0|
    |indvar4_reg_502                                 |  13|   0|   13|          0|
    |indvar5_reg_514                                 |  13|   0|   13|          0|
    |indvar6_reg_525                                 |  10|   0|   10|          0|
    |indvar7_reg_536                                 |  13|   0|   13|          0|
    |indvar8_reg_547                                 |  10|   0|   10|          0|
    |indvar9_reg_454                                 |  13|   0|   13|          0|
    |indvar_next1_reg_1230                           |  13|   0|   13|          0|
    |indvar_next2_reg_1250                           |  10|   0|   10|          0|
    |indvar_next3_reg_1270                           |  13|   0|   13|          0|
    |indvar_next4_reg_1290                           |  10|   0|   10|          0|
    |indvar_next5_reg_1310                           |  13|   0|   13|          0|
    |indvar_next_reg_1204                            |  10|   0|   10|          0|
    |indvar_reg_442                                  |  10|   0|   10|          0|
    |learningRate_reg_417                            |   7|   0|   32|         25|
    |p_reg_406                                       |  20|   0|   20|          0|
    |part2_bgmodel_load_reg_1372                     |  32|   0|   32|          0|
    |part3_bgmodel_load_reg_1415                     |  32|   0|   32|          0|
    |part_1_reg_1444                                 |   7|   0|    7|          0|
    |part_bgmodel_load_reg_1329                      |  32|   0|   32|          0|
    |part_reg_430                                    |   7|   0|    7|          0|
    |reg_607                                         |   8|   0|    8|          0|
    |reg_614                                         |  32|   0|   32|          0|
    |tmp_114_cast_reg_1146                           |  33|   0|   33|          0|
    |tmp_115_cast_reg_1153                           |  33|   0|   33|          0|
    |tmp_115_reg_1189                                |  10|   0|   33|         23|
    |tmp_116_cast_reg_1160                           |  30|   0|   31|          1|
    |tmp_119_reg_1215                                |  31|   0|   31|          0|
    |tmp_121_reg_1235                                |  10|   0|   33|         23|
    |tmp_125_reg_1255                                |  31|   0|   31|          0|
    |tmp_127_reg_1275                                |  10|   0|   33|         23|
    |tmp_131_reg_1295                                |  31|   0|   31|          0|
    |tmp_55_reg_1183                                 |  10|   0|   17|          7|
    |tmp_56_reg_1209                                 |  10|   0|   20|         10|
    +------------------------------------------------+----+----+-----+-----------+
    |Total                                           |1169|   0| 1284|        115|
    +------------------------------------------------+----+----+-----+-----------+



================================================================
== Interface
================================================================
* Summary: 
+--------------------------+-----+-----+------------+-------------------+--------------+
|         RTL Ports        | Dir | Bits|  Protocol  |   Source Object   |    C Type    |
+--------------------------+-----+-----+------------+-------------------+--------------+
|ap_clk                    |  in |    1| ap_ctrl_hs | bgsub_Block__proc | return value |
|ap_rst                    |  in |    1| ap_ctrl_hs | bgsub_Block__proc | return value |
|ap_start                  |  in |    1| ap_ctrl_hs | bgsub_Block__proc | return value |
|ap_done                   | out |    1| ap_ctrl_hs | bgsub_Block__proc | return value |
|ap_continue               |  in |    1| ap_ctrl_hs | bgsub_Block__proc | return value |
|ap_idle                   | out |    1| ap_ctrl_hs | bgsub_Block__proc | return value |
|ap_ready                  | out |    1| ap_ctrl_hs | bgsub_Block__proc | return value |
|init                      |  in |    1|   ap_none  |        init       |    scalar    |
|m_axi_bgmodel_AWVALID     | out |    1|    m_axi   |      bgmodel      |    pointer   |
|m_axi_bgmodel_AWREADY     |  in |    1|    m_axi   |      bgmodel      |    pointer   |
|m_axi_bgmodel_AWADDR      | out |   32|    m_axi   |      bgmodel      |    pointer   |
|m_axi_bgmodel_AWID        | out |    1|    m_axi   |      bgmodel      |    pointer   |
|m_axi_bgmodel_AWLEN       | out |   32|    m_axi   |      bgmodel      |    pointer   |
|m_axi_bgmodel_AWSIZE      | out |    3|    m_axi   |      bgmodel      |    pointer   |
|m_axi_bgmodel_AWBURST     | out |    2|    m_axi   |      bgmodel      |    pointer   |
|m_axi_bgmodel_AWLOCK      | out |    2|    m_axi   |      bgmodel      |    pointer   |
|m_axi_bgmodel_AWCACHE     | out |    4|    m_axi   |      bgmodel      |    pointer   |
|m_axi_bgmodel_AWPROT      | out |    3|    m_axi   |      bgmodel      |    pointer   |
|m_axi_bgmodel_AWQOS       | out |    4|    m_axi   |      bgmodel      |    pointer   |
|m_axi_bgmodel_AWREGION    | out |    4|    m_axi   |      bgmodel      |    pointer   |
|m_axi_bgmodel_AWUSER      | out |    1|    m_axi   |      bgmodel      |    pointer   |
|m_axi_bgmodel_WVALID      | out |    1|    m_axi   |      bgmodel      |    pointer   |
|m_axi_bgmodel_WREADY      |  in |    1|    m_axi   |      bgmodel      |    pointer   |
|m_axi_bgmodel_WDATA       | out |   32|    m_axi   |      bgmodel      |    pointer   |
|m_axi_bgmodel_WSTRB       | out |    4|    m_axi   |      bgmodel      |    pointer   |
|m_axi_bgmodel_WLAST       | out |    1|    m_axi   |      bgmodel      |    pointer   |
|m_axi_bgmodel_WID         | out |    1|    m_axi   |      bgmodel      |    pointer   |
|m_axi_bgmodel_WUSER       | out |    1|    m_axi   |      bgmodel      |    pointer   |
|m_axi_bgmodel_ARVALID     | out |    1|    m_axi   |      bgmodel      |    pointer   |
|m_axi_bgmodel_ARREADY     |  in |    1|    m_axi   |      bgmodel      |    pointer   |
|m_axi_bgmodel_ARADDR      | out |   32|    m_axi   |      bgmodel      |    pointer   |
|m_axi_bgmodel_ARID        | out |    1|    m_axi   |      bgmodel      |    pointer   |
|m_axi_bgmodel_ARLEN       | out |   32|    m_axi   |      bgmodel      |    pointer   |
|m_axi_bgmodel_ARSIZE      | out |    3|    m_axi   |      bgmodel      |    pointer   |
|m_axi_bgmodel_ARBURST     | out |    2|    m_axi   |      bgmodel      |    pointer   |
|m_axi_bgmodel_ARLOCK      | out |    2|    m_axi   |      bgmodel      |    pointer   |
|m_axi_bgmodel_ARCACHE     | out |    4|    m_axi   |      bgmodel      |    pointer   |
|m_axi_bgmodel_ARPROT      | out |    3|    m_axi   |      bgmodel      |    pointer   |
|m_axi_bgmodel_ARQOS       | out |    4|    m_axi   |      bgmodel      |    pointer   |
|m_axi_bgmodel_ARREGION    | out |    4|    m_axi   |      bgmodel      |    pointer   |
|m_axi_bgmodel_ARUSER      | out |    1|    m_axi   |      bgmodel      |    pointer   |
|m_axi_bgmodel_RVALID      |  in |    1|    m_axi   |      bgmodel      |    pointer   |
|m_axi_bgmodel_RREADY      | out |    1|    m_axi   |      bgmodel      |    pointer   |
|m_axi_bgmodel_RDATA       |  in |   32|    m_axi   |      bgmodel      |    pointer   |
|m_axi_bgmodel_RLAST       |  in |    1|    m_axi   |      bgmodel      |    pointer   |
|m_axi_bgmodel_RID         |  in |    1|    m_axi   |      bgmodel      |    pointer   |
|m_axi_bgmodel_RUSER       |  in |    1|    m_axi   |      bgmodel      |    pointer   |
|m_axi_bgmodel_RRESP       |  in |    2|    m_axi   |      bgmodel      |    pointer   |
|m_axi_bgmodel_BVALID      |  in |    1|    m_axi   |      bgmodel      |    pointer   |
|m_axi_bgmodel_BREADY      | out |    1|    m_axi   |      bgmodel      |    pointer   |
|m_axi_bgmodel_BRESP       |  in |    2|    m_axi   |      bgmodel      |    pointer   |
|m_axi_bgmodel_BID         |  in |    1|    m_axi   |      bgmodel      |    pointer   |
|m_axi_bgmodel_BUSER       |  in |    1|    m_axi   |      bgmodel      |    pointer   |
|bgmodel1                  |  in |   32|   ap_none  |      bgmodel1     |    scalar    |
|m_axi_frame_out_AWVALID   | out |    1|    m_axi   |     frame_out     |    pointer   |
|m_axi_frame_out_AWREADY   |  in |    1|    m_axi   |     frame_out     |    pointer   |
|m_axi_frame_out_AWADDR    | out |   32|    m_axi   |     frame_out     |    pointer   |
|m_axi_frame_out_AWID      | out |    1|    m_axi   |     frame_out     |    pointer   |
|m_axi_frame_out_AWLEN     | out |   32|    m_axi   |     frame_out     |    pointer   |
|m_axi_frame_out_AWSIZE    | out |    3|    m_axi   |     frame_out     |    pointer   |
|m_axi_frame_out_AWBURST   | out |    2|    m_axi   |     frame_out     |    pointer   |
|m_axi_frame_out_AWLOCK    | out |    2|    m_axi   |     frame_out     |    pointer   |
|m_axi_frame_out_AWCACHE   | out |    4|    m_axi   |     frame_out     |    pointer   |
|m_axi_frame_out_AWPROT    | out |    3|    m_axi   |     frame_out     |    pointer   |
|m_axi_frame_out_AWQOS     | out |    4|    m_axi   |     frame_out     |    pointer   |
|m_axi_frame_out_AWREGION  | out |    4|    m_axi   |     frame_out     |    pointer   |
|m_axi_frame_out_AWUSER    | out |    1|    m_axi   |     frame_out     |    pointer   |
|m_axi_frame_out_WVALID    | out |    1|    m_axi   |     frame_out     |    pointer   |
|m_axi_frame_out_WREADY    |  in |    1|    m_axi   |     frame_out     |    pointer   |
|m_axi_frame_out_WDATA     | out |    8|    m_axi   |     frame_out     |    pointer   |
|m_axi_frame_out_WSTRB     | out |    1|    m_axi   |     frame_out     |    pointer   |
|m_axi_frame_out_WLAST     | out |    1|    m_axi   |     frame_out     |    pointer   |
|m_axi_frame_out_WID       | out |    1|    m_axi   |     frame_out     |    pointer   |
|m_axi_frame_out_WUSER     | out |    1|    m_axi   |     frame_out     |    pointer   |
|m_axi_frame_out_ARVALID   | out |    1|    m_axi   |     frame_out     |    pointer   |
|m_axi_frame_out_ARREADY   |  in |    1|    m_axi   |     frame_out     |    pointer   |
|m_axi_frame_out_ARADDR    | out |   32|    m_axi   |     frame_out     |    pointer   |
|m_axi_frame_out_ARID      | out |    1|    m_axi   |     frame_out     |    pointer   |
|m_axi_frame_out_ARLEN     | out |   32|    m_axi   |     frame_out     |    pointer   |
|m_axi_frame_out_ARSIZE    | out |    3|    m_axi   |     frame_out     |    pointer   |
|m_axi_frame_out_ARBURST   | out |    2|    m_axi   |     frame_out     |    pointer   |
|m_axi_frame_out_ARLOCK    | out |    2|    m_axi   |     frame_out     |    pointer   |
|m_axi_frame_out_ARCACHE   | out |    4|    m_axi   |     frame_out     |    pointer   |
|m_axi_frame_out_ARPROT    | out |    3|    m_axi   |     frame_out     |    pointer   |
|m_axi_frame_out_ARQOS     | out |    4|    m_axi   |     frame_out     |    pointer   |
|m_axi_frame_out_ARREGION  | out |    4|    m_axi   |     frame_out     |    pointer   |
|m_axi_frame_out_ARUSER    | out |    1|    m_axi   |     frame_out     |    pointer   |
|m_axi_frame_out_RVALID    |  in |    1|    m_axi   |     frame_out     |    pointer   |
|m_axi_frame_out_RREADY    | out |    1|    m_axi   |     frame_out     |    pointer   |
|m_axi_frame_out_RDATA     |  in |    8|    m_axi   |     frame_out     |    pointer   |
|m_axi_frame_out_RLAST     |  in |    1|    m_axi   |     frame_out     |    pointer   |
|m_axi_frame_out_RID       |  in |    1|    m_axi   |     frame_out     |    pointer   |
|m_axi_frame_out_RUSER     |  in |    1|    m_axi   |     frame_out     |    pointer   |
|m_axi_frame_out_RRESP     |  in |    2|    m_axi   |     frame_out     |    pointer   |
|m_axi_frame_out_BVALID    |  in |    1|    m_axi   |     frame_out     |    pointer   |
|m_axi_frame_out_BREADY    | out |    1|    m_axi   |     frame_out     |    pointer   |
|m_axi_frame_out_BRESP     |  in |    2|    m_axi   |     frame_out     |    pointer   |
|m_axi_frame_out_BID       |  in |    1|    m_axi   |     frame_out     |    pointer   |
|m_axi_frame_out_BUSER     |  in |    1|    m_axi   |     frame_out     |    pointer   |
|frame_out2                |  in |   32|   ap_none  |     frame_out2    |    scalar    |
|frame_in                  |  in |   32|   ap_none  |      frame_in     |    scalar    |
+--------------------------+-----+-----+------------+-------------------+--------------+

